Removed Pin From Net: NetName=GND Pin=U1-A1
Removed Pin From Net: NetName=GND Pin=U1-A17
Removed Pin From Net: NetName=SD1_DATA0 Pin=U1-B3
Removed Pin From Net: NetName=NetR32_2 Pin=U1-C1
Removed Pin From Net: NetName=SD1_CMD Pin=U1-C2
Removed Pin From Net: NetName=GND Pin=U1-C3
Removed Pin From Net: NetName=NVCC_SD Pin=U1-C4
Removed Pin From Net: NetName=GND Pin=U1-C7
Removed Pin From Net: NetName=GND Pin=U1-C11
Removed Pin From Net: NetName=GND Pin=U1-C15
Removed Pin From Net: NetName=GND Pin=U1-E8
Removed Pin From Net: NetName=GND Pin=U1-E11
Removed Pin From Net: NetName=GND Pin=U1-F6
Removed Pin From Net: NetName=GND Pin=U1-F7
Removed Pin From Net: NetName=GND Pin=U1-F8
Removed Pin From Net: NetName=GND Pin=U1-F9
Removed Pin From Net: NetName=GND Pin=U1-F10
Removed Pin From Net: NetName=GND Pin=U1-F11
Removed Pin From Net: NetName=GND Pin=U1-F12
Removed Pin From Net: NetName=I2C2_SCL Pin=U1-F17
Removed Pin From Net: NetName=GND Pin=U1-G3
Removed Pin From Net: NetName=GND Pin=U1-G5
Removed Pin From Net: NetName=GND Pin=U1-G7
Removed Pin From Net: NetName=VDD_SOC_CAP Pin=U1-G8
Removed Pin From Net: NetName=VDD_ARM_CAP Pin=U1-G9
Removed Pin From Net: NetName=VDD_ARM_CAP Pin=U1-G10
Removed Pin From Net: NetName=VDD_ARM_CAP Pin=U1-G11
Removed Pin From Net: NetName=GND Pin=U1-G12
Removed Pin From Net: NetName=I2C2_SDA Pin=U1-G13
Removed Pin From Net: NetName=CAN1_RX Pin=U1-G14
Removed Pin From Net: NetName=GND Pin=U1-G15
Removed Pin From Net: NetName=I2C1_SDA Pin=U1-G16
Removed Pin From Net: NetName=I2C1_SCL Pin=U1-G17
Removed Pin From Net: NetName=GND Pin=U1-H7
Removed Pin From Net: NetName=VDD_SOC_CAP Pin=U1-H8
Removed Pin From Net: NetName=VDD_ARM_SOC_IN Pin=U1-H9
Removed Pin From Net: NetName=VDD_ARM_SOC_IN Pin=U1-H10
Removed Pin From Net: NetName=VDD_ARM_CAP Pin=U1-H11
Removed Pin From Net: NetName=GND Pin=U1-H12
Removed Pin From Net: NetName=NVCC_UART Pin=U1-H13
Removed Pin From Net: NetName=CAN2_RX Pin=U1-H14
Removed Pin From Net: NetName=CAN1_TX Pin=U1-H15
Removed Pin From Net: NetName=UART2_RTS_BB Pin=U1-H16
Removed Pin From Net: NetName=UART2_CTS_BB Pin=U1-H17
Removed Pin From Net: NetName=GND Pin=U1-J5
Removed Pin From Net: NetName=GND Pin=U1-J7
Removed Pin From Net: NetName=VDD_SOC_CAP Pin=U1-J8
Removed Pin From Net: NetName=VDD_ARM_SOC_IN Pin=U1-J9
Removed Pin From Net: NetName=VDD_ARM_SOC_IN Pin=U1-J10
Removed Pin From Net: NetName=VDD_SOC_CAP Pin=U1-J11
Removed Pin From Net: NetName=GND Pin=U1-J12
Removed Pin From Net: NetName=SD1_CD Pin=U1-J14
Removed Pin From Net: NetName=CAN2_TX Pin=U1-J15
Removed Pin From Net: NetName=GND Pin=U1-K7
Removed Pin From Net: NetName=VDD_SOC_CAP Pin=U1-K8
Removed Pin From Net: NetName=VDD_ARM_SOC_IN Pin=U1-K9
Removed Pin From Net: NetName=VDD_ARM_SOC_IN Pin=U1-K10
Removed Pin From Net: NetName=VDD_SOC_CAP Pin=U1-K11
Removed Pin From Net: NetName=GND Pin=U1-K12
Removed Pin From Net: NetName=HDMI_INT Pin=U1-K15
Removed Pin From Net: NetName=GND Pin=U1-L3
Removed Pin From Net: NetName=GND Pin=U1-L7
Removed Pin From Net: NetName=VDD_SOC_CAP Pin=U1-L8
Removed Pin From Net: NetName=VDD_SOC_CAP Pin=U1-L9
Removed Pin From Net: NetName=VDD_SOC_CAP Pin=U1-L10
Removed Pin From Net: NetName=VDD_SOC_CAP Pin=U1-L11
Removed Pin From Net: NetName=GND Pin=U1-L12
Removed Pin From Net: NetName=VDDA_ADC_3P3 Pin=U1-L13
Removed Pin From Net: NetName=GND Pin=U1-M7
Removed Pin From Net: NetName=GND Pin=U1-M8
Removed Pin From Net: NetName=GND Pin=U1-M9
Removed Pin From Net: NetName=GND Pin=U1-M10
Removed Pin From Net: NetName=GND Pin=U1-M11
Removed Pin From Net: NetName=GND Pin=U1-M12
Removed Pin From Net: NetName=VDDA_ADC_3P3 Pin=U1-M13
Removed Pin From Net: NetName=JTAG_TCK Pin=U1-M14
Removed Pin From Net: NetName=GND Pin=U1-N3
Removed Pin From Net: NetName=GND Pin=U1-N5
Removed Pin From Net: NetName=GND Pin=U1-N7
Removed Pin From Net: NetName=ENET1_nINT Pin=U1-N8
Removed Pin From Net: NetName=SHIFT_nOE Pin=U1-N9
Removed Pin From Net: NetName=SHIFT_STCP Pin=U1-N10
Removed Pin From Net: NetName=ENET2_nINT Pin=U1-N11
Removed Pin From Net: NetName=NetC32_2 Pin=U1-N12
Removed Pin From Net: NetName=VDD_HIGH_IN Pin=U1-N13
Removed Pin From Net: NetName=JTAG_nTRST Pin=U1-N14
Removed Pin From Net: NetName=JTAG_TDO Pin=U1-N15
Removed Pin From Net: NetName=JTAG_TDI Pin=U1-N16
Removed Pin From Net: NetName=POR_B Pin=U1-P8
Removed Pin From Net: NetName=AUD_INT Pin=U1-P9
Removed Pin From Net: NetName=GPIO_DVFS Pin=U1-P10
Removed Pin From Net: NetName=PERI_PWREN Pin=U1-P11
Removed Pin From Net: NetName=VDD_SNVS_IN Pin=U1-P12
Removed Pin From Net: NetName=NetC29_2 Pin=U1-P13
Removed Pin From Net: NetName=JTAG_TMS Pin=U1-P14
Removed Pin From Net: NetName=JTAG_MOD Pin=U1-P15
Removed Pin From Net: NetName=GND Pin=U1-R3
Removed Pin From Net: NetName=GND Pin=U1-R5
Removed Pin From Net: NetName=LCD_DISP Pin=U1-R6
Removed Pin From Net: NetName=GND Pin=U1-R7
Removed Pin From Net: NetName=BT_DISABLE Pin=U1-R9
Removed Pin From Net: NetName=ACC_INT Pin=U1-R10
Removed Pin From Net: NetName=GND Pin=U1-R11
Removed Pin From Net: NetName=VDDUSB Pin=U1-R12
Removed Pin From Net: NetName=VDD_HIGH_CAP Pin=U1-R14
Removed Pin From Net: NetName=VDD_HIGH_CAP Pin=U1-R15
Removed Pin From Net: NetName=GND Pin=U1-R16
Removed Pin From Net: NetName=GND Pin=U1-R17
Removed Pin From Net: NetName=NetC2_2 Pin=U1-T11
Removed Pin From Net: NetName=USB_OTG1_VBUS Pin=U1-T12
Removed Pin From Net: NetName=GND Pin=U1-T14
Removed Pin From Net: NetName=GND Pin=U1-U1
Removed Pin From Net: NetName=NetC3_2 Pin=U1-U11
Removed Pin From Net: NetName=USB_OTG2_VBUS Pin=U1-U12
Removed Pin From Net: NetName=GND Pin=U1-U14
Removed Pin From Net: NetName=GND Pin=U1-U17
Change Component Designator: OldDesignator=U? NewDesignator=U1
Added Pin To Net: NetName=GND Pin=U1-A1
Added Pin To Net: NetName=GND Pin=U1-A17
Added Pin To Net: NetName=SD1_DATA0 Pin=U1-B3
Added Pin To Net: NetName=NetR32_2 Pin=U1-C1
Added Pin To Net: NetName=SD1_CMD Pin=U1-C2
Added Pin To Net: NetName=GND Pin=U1-C3
Added Pin To Net: NetName=NVCC_SD Pin=U1-C4
Added Pin To Net: NetName=GND Pin=U1-C7
Added Pin To Net: NetName=GND Pin=U1-C11
Added Pin To Net: NetName=GND Pin=U1-C15
Added Pin To Net: NetName=GND Pin=U1-E8
Added Pin To Net: NetName=GND Pin=U1-E11
Added Pin To Net: NetName=GND Pin=U1-F6
Added Pin To Net: NetName=GND Pin=U1-F7
Added Pin To Net: NetName=GND Pin=U1-F8
Added Pin To Net: NetName=GND Pin=U1-F9
Added Pin To Net: NetName=GND Pin=U1-F10
Added Pin To Net: NetName=GND Pin=U1-F11
Added Pin To Net: NetName=GND Pin=U1-F12
Added Pin To Net: NetName=I2C2_SCL Pin=U1-F17
Added Pin To Net: NetName=GND Pin=U1-G3
Added Pin To Net: NetName=GND Pin=U1-G5
Added Pin To Net: NetName=GND Pin=U1-G7
Added Pin To Net: NetName=VDD_SOC_CAP Pin=U1-G8
Added Pin To Net: NetName=VDD_ARM_CAP Pin=U1-G9
Added Pin To Net: NetName=VDD_ARM_CAP Pin=U1-G10
Added Pin To Net: NetName=VDD_ARM_CAP Pin=U1-G11
Added Pin To Net: NetName=GND Pin=U1-G12
Added Pin To Net: NetName=I2C2_SDA Pin=U1-G13
Added Pin To Net: NetName=CAN1_RX Pin=U1-G14
Added Pin To Net: NetName=GND Pin=U1-G15
Added Pin To Net: NetName=I2C1_SDA Pin=U1-G16
Added Pin To Net: NetName=I2C1_SCL Pin=U1-G17
Added Pin To Net: NetName=GND Pin=U1-H7
Added Pin To Net: NetName=VDD_SOC_CAP Pin=U1-H8
Added Pin To Net: NetName=VDD_ARM_SOC_IN Pin=U1-H9
Added Pin To Net: NetName=VDD_ARM_SOC_IN Pin=U1-H10
Added Pin To Net: NetName=VDD_ARM_CAP Pin=U1-H11
Added Pin To Net: NetName=GND Pin=U1-H12
Added Pin To Net: NetName=NVCC_UART Pin=U1-H13
Added Pin To Net: NetName=CAN2_RX Pin=U1-H14
Added Pin To Net: NetName=CAN1_TX Pin=U1-H15
Added Pin To Net: NetName=UART2_RTS_BB Pin=U1-H16
Added Pin To Net: NetName=UART2_CTS_BB Pin=U1-H17
Added Pin To Net: NetName=GND Pin=U1-J5
Added Pin To Net: NetName=GND Pin=U1-J7
Added Pin To Net: NetName=VDD_SOC_CAP Pin=U1-J8
Added Pin To Net: NetName=VDD_ARM_SOC_IN Pin=U1-J9
Added Pin To Net: NetName=VDD_ARM_SOC_IN Pin=U1-J10
Added Pin To Net: NetName=VDD_SOC_CAP Pin=U1-J11
Added Pin To Net: NetName=GND Pin=U1-J12
Added Pin To Net: NetName=SD1_CD Pin=U1-J14
Added Pin To Net: NetName=CAN2_TX Pin=U1-J15
Added Pin To Net: NetName=GND Pin=U1-K7
Added Pin To Net: NetName=VDD_SOC_CAP Pin=U1-K8
Added Pin To Net: NetName=VDD_ARM_SOC_IN Pin=U1-K9
Added Pin To Net: NetName=VDD_ARM_SOC_IN Pin=U1-K10
Added Pin To Net: NetName=VDD_SOC_CAP Pin=U1-K11
Added Pin To Net: NetName=GND Pin=U1-K12
Added Pin To Net: NetName=HDMI_INT Pin=U1-K15
Added Pin To Net: NetName=GND Pin=U1-L3
Added Pin To Net: NetName=GND Pin=U1-L7
Added Pin To Net: NetName=VDD_SOC_CAP Pin=U1-L8
Added Pin To Net: NetName=VDD_SOC_CAP Pin=U1-L9
Added Pin To Net: NetName=VDD_SOC_CAP Pin=U1-L10
Added Pin To Net: NetName=VDD_SOC_CAP Pin=U1-L11
Added Pin To Net: NetName=GND Pin=U1-L12
Added Pin To Net: NetName=VDDA_ADC_3P3 Pin=U1-L13
Added Pin To Net: NetName=GND Pin=U1-M7
Added Pin To Net: NetName=GND Pin=U1-M8
Added Pin To Net: NetName=GND Pin=U1-M9
Added Pin To Net: NetName=GND Pin=U1-M10
Added Pin To Net: NetName=GND Pin=U1-M11
Added Pin To Net: NetName=GND Pin=U1-M12
Added Pin To Net: NetName=VDDA_ADC_3P3 Pin=U1-M13
Added Pin To Net: NetName=JTAG_TCK Pin=U1-M14
Added Pin To Net: NetName=GND Pin=U1-N3
Added Pin To Net: NetName=GND Pin=U1-N5
Added Pin To Net: NetName=GND Pin=U1-N7
Added Pin To Net: NetName=ENET1_nINT Pin=U1-N8
Added Pin To Net: NetName=SHIFT_nOE Pin=U1-N9
Added Pin To Net: NetName=SHIFT_STCP Pin=U1-N10
Added Pin To Net: NetName=ENET2_nINT Pin=U1-N11
Added Pin To Net: NetName=NetC32_2 Pin=U1-N12
Added Pin To Net: NetName=VDD_HIGH_IN Pin=U1-N13
Added Pin To Net: NetName=JTAG_nTRST Pin=U1-N14
Added Pin To Net: NetName=JTAG_TDO Pin=U1-N15
Added Pin To Net: NetName=JTAG_TDI Pin=U1-N16
Added Pin To Net: NetName=POR_B Pin=U1-P8
Added Pin To Net: NetName=AUD_INT Pin=U1-P9
Added Pin To Net: NetName=GPIO_DVFS Pin=U1-P10
Added Pin To Net: NetName=PERI_PWREN Pin=U1-P11
Added Pin To Net: NetName=VDD_SNVS_IN Pin=U1-P12
Added Pin To Net: NetName=NetC29_2 Pin=U1-P13
Added Pin To Net: NetName=JTAG_TMS Pin=U1-P14
Added Pin To Net: NetName=JTAG_MOD Pin=U1-P15
Added Pin To Net: NetName=GND Pin=U1-R3
Added Pin To Net: NetName=GND Pin=U1-R5
Added Pin To Net: NetName=LCD_DISP Pin=U1-R6
Added Pin To Net: NetName=GND Pin=U1-R7
Added Pin To Net: NetName=BT_DISABLE Pin=U1-R9
Added Pin To Net: NetName=ACC_INT Pin=U1-R10
Added Pin To Net: NetName=GND Pin=U1-R11
Added Pin To Net: NetName=VDDUSB Pin=U1-R12
Added Pin To Net: NetName=VDD_HIGH_CAP Pin=U1-R14
Added Pin To Net: NetName=VDD_HIGH_CAP Pin=U1-R15
Added Pin To Net: NetName=GND Pin=U1-R16
Added Pin To Net: NetName=GND Pin=U1-R17
Added Pin To Net: NetName=NetC2_2 Pin=U1-T11
Added Pin To Net: NetName=USB_OTG1_VBUS Pin=U1-T12
Added Pin To Net: NetName=GND Pin=U1-T14
Added Pin To Net: NetName=XTALI Pin=U1-T16
Added Pin To Net: NetName=XTALO Pin=U1-T17
Added Pin To Net: NetName=GND Pin=U1-U1
Added Pin To Net: NetName=NetC3_2 Pin=U1-U11
Added Pin To Net: NetName=USB_OTG2_VBUS Pin=U1-U12
Added Pin To Net: NetName=GND Pin=U1-U14
Added Pin To Net: NetName=GND Pin=U1-U17
Added Pin To Net: NetName=BOOT_MODE0 Pin=U1-T10
Added Net: Name=BOOT_MODE0
Added Pin To Net: NetName=BOOT_MODE1 Pin=U1-U10
Added Net: Name=BOOT_MODE1
Added Pin To Net: NetName=CLK1_N Pin=U1-P16
Added Net: Name=CLK1_N
Added Pin To Net: NetName=CLK1_P Pin=U1-P17
Added Net: Name=CLK1_P
Added Pin To Net: NetName=nUSB_OTG_CHD Pin=U1-U16
Added Net: Name=nUSB_OTG_CHD
Added Pin To Net: NetName=ONOFF Pin=U1-R8
Added Net: Name=ONOFF
Added Pin To Net: NetName=PMIC_ON_REQ Pin=U1-T9
Added Net: Name=PMIC_ON_REQ
Added Pin To Net: NetName=PMIC_STBY_REQ Pin=U1-U9
Added Net: Name=PMIC_STBY_REQ
Added Pin To Net: NetName=SD1_DATA1 Pin=U1-B2
Added Net: Name=SD1_DATA1
Added Pin To Net: NetName=SD1_DATA2 Pin=U1-B1
Added Net: Name=SD1_DATA2
Added Pin To Net: NetName=SD1_DATA3 Pin=U1-A2
Added Net: Name=SD1_DATA3
Added Pin To Net: NetName=UART1_RXD Pin=U1-K16
Added Net: Name=UART1_RXD
Added Pin To Net: NetName=UART1_TXD Pin=U1-K14
Added Net: Name=UART1_TXD
Added Pin To Net: NetName=UART2_RXD Pin=U1-J16
Added Net: Name=UART2_RXD
Added Pin To Net: NetName=UART2_TXD Pin=U1-J17
Added Net: Name=UART2_TXD
Added Pin To Net: NetName=USB_OTG1_DN Pin=U1-T15
Added Net: Name=USB_OTG1_DN
Added Pin To Net: NetName=USB_OTG1_DP Pin=U1-U15
Added Net: Name=USB_OTG1_DP
Added Pin To Net: NetName=USB_OTG2_DN Pin=U1-T13
Added Net: Name=USB_OTG2_DN
Added Pin To Net: NetName=USB_OTG2_DP Pin=U1-U13
Added Net: Name=USB_OTG2_DP
Added Member To Class: ClassName=Sheet4 Member=Component U? MT29F4G08ABADAWP-IT
Added Room: Name=Sheet1
Added Room: Name=Sheet2
Added Room: Name=Sheet3
Added Room: Name=Sheet4
