Added Component: Designator=C1(C 0402)
Add component. Clean all parameters for all variants
Added Component: Designator=C2(C 0402)
Add component. Clean all parameters for all variants
Added Component: Designator=C3(C 0402)
Add component. Clean all parameters for all variants
Added Component: Designator=C4(C 0402)
Add component. Clean all parameters for all variants
Added Component: Designator=C5(C 0402)
Add component. Clean all parameters for all variants
Added Component: Designator=C6(C 0402)
Add component. Clean all parameters for all variants
Added Component: Designator=C7(C 0402)
Add component. Clean all parameters for all variants
Added Component: Designator=C8(C 0402)
Add component. Clean all parameters for all variants
Added Component: Designator=C9(C 0402)
Add component. Clean all parameters for all variants
Added Component: Designator=C10(C 0402)
Add component. Clean all parameters for all variants
Added Component: Designator=C11(C 0402)
Add component. Clean all parameters for all variants
Added Component: Designator=C12(C 0402)
Add component. Clean all parameters for all variants
Added Component: Designator=C13(C 0402)
Add component. Clean all parameters for all variants
Added Component: Designator=C14(C 0402)
Add component. Clean all parameters for all variants
Added Component: Designator=C15(C 0402)
Add component. Clean all parameters for all variants
Added Component: Designator=C16(C 0402)
Add component. Clean all parameters for all variants
Added Component: Designator=C17(C 0402)
Add component. Clean all parameters for all variants
Added Component: Designator=C18(C 0402)
Add component. Clean all parameters for all variants
Added Component: Designator=C19(C 0402)
Add component. Clean all parameters for all variants
Added Component: Designator=C20(C 0402)
Add component. Clean all parameters for all variants
Added Component: Designator=C21(C 0402)
Add component. Clean all parameters for all variants
Added Component: Designator=C22(C 0402)
Add component. Clean all parameters for all variants
Added Component: Designator=C23(C 0402)
Add component. Clean all parameters for all variants
Added Component: Designator=C24(C 0402)
Add component. Clean all parameters for all variants
Added Component: Designator=C25(C 0402)
Add component. Clean all parameters for all variants
Added Component: Designator=C26(C 0402)
Add component. Clean all parameters for all variants
Added Component: Designator=C27(C 0402)
Add component. Clean all parameters for all variants
Added Component: Designator=C28(C 0402)
Add component. Clean all parameters for all variants
Added Component: Designator=C29(C 0402)
Add component. Clean all parameters for all variants
Added Component: Designator=C30(C 0402)
Add component. Clean all parameters for all variants
Added Component: Designator=C31(C 0402)
Add component. Clean all parameters for all variants
Added Component: Designator=C32(C 0402)
Add component. Clean all parameters for all variants
Added Component: Designator=C33(C 0402)
Add component. Clean all parameters for all variants
Added Component: Designator=C34(C 0402)
Add component. Clean all parameters for all variants
Added Component: Designator=C35(C 0402)
Add component. Clean all parameters for all variants
Added Component: Designator=C36(C 0402)
Add component. Clean all parameters for all variants
Added Component: Designator=C37(C 0402)
Add component. Clean all parameters for all variants
Added Component: Designator=C38(C 0402)
Add component. Clean all parameters for all variants
Added Component: Designator=C39(C 0402)
Add component. Clean all parameters for all variants
Added Component: Designator=C40(C 0402)
Add component. Clean all parameters for all variants
Added Component: Designator=C41(C 0402)
Add component. Clean all parameters for all variants
Added Component: Designator=C42(C 0402)
Add component. Clean all parameters for all variants
Added Component: Designator=C43(C 0402)
Add component. Clean all parameters for all variants
Added Component: Designator=C44(C 0402)
Add component. Clean all parameters for all variants
Added Component: Designator=C45(C 0402)
Add component. Clean all parameters for all variants
Added Component: Designator=C46(C 0402)
Add component. Clean all parameters for all variants
Added Component: Designator=C47(C 0402)
Add component. Clean all parameters for all variants
Added Component: Designator=C48(C 0402)
Add component. Clean all parameters for all variants
Added Component: Designator=C49(C 0402)
Add component. Clean all parameters for all variants
Added Component: Designator=C50(C 0402)
Add component. Clean all parameters for all variants
Added Component: Designator=C51(C 0402)
Add component. Clean all parameters for all variants
Added Component: Designator=C52(C 0402)
Add component. Clean all parameters for all variants
Added Component: Designator=C53(C 0402)
Add component. Clean all parameters for all variants
Added Component: Designator=C54(C 0402)
Add component. Clean all parameters for all variants
Added Component: Designator=C55(C 0402)
Add component. Clean all parameters for all variants
Added Component: Designator=C56(C 0402)
Add component. Clean all parameters for all variants
Added Component: Designator=C57(C 0402)
Add component. Clean all parameters for all variants
Added Component: Designator=C58(C 0402)
Add component. Clean all parameters for all variants
Added Component: Designator=C59(C 0402)
Add component. Clean all parameters for all variants
Added Component: Designator=C60(C 0402)
Add component. Clean all parameters for all variants
Added Component: Designator=C61(C 0402)
Add component. Clean all parameters for all variants
Added Component: Designator=C62(C 0402)
Add component. Clean all parameters for all variants
Added Component: Designator=C63(C 0402)
Add component. Clean all parameters for all variants
Added Component: Designator=C64(C 0402)
Add component. Clean all parameters for all variants
Added Component: Designator=C65(C 0402)
Add component. Clean all parameters for all variants
Added Component: Designator=C66(C 0402)
Add component. Clean all parameters for all variants
Added Component: Designator=C67(C 0402)
Add component. Clean all parameters for all variants
Added Component: Designator=C68(C 0402)
Add component. Clean all parameters for all variants
Added Component: Designator=C69(C 0402)
Add component. Clean all parameters for all variants
Added Component: Designator=C70(C 0402)
Add component. Clean all parameters for all variants
Added Component: Designator=C71(C 0402)
Add component. Clean all parameters for all variants
Added Component: Designator=C72(C 0402)
Add component. Clean all parameters for all variants
Added Component: Designator=C73(C 0402)
Add component. Clean all parameters for all variants
Added Component: Designator=C74(C 0402)
Add component. Clean all parameters for all variants
Added Component: Designator=C75(C 0402)
Add component. Clean all parameters for all variants
Added Component: Designator=C76(C 0402)
Add component. Clean all parameters for all variants
Added Component: Designator=C77(C 0402)
Add component. Clean all parameters for all variants
Added Component: Designator=C78(C 0402)
Add component. Clean all parameters for all variants
Added Component: Designator=C79(C 0402)
Add component. Clean all parameters for all variants
Added Component: Designator=C80(C 0402)
Add component. Clean all parameters for all variants
Added Component: Designator=C81(C 0402)
Add component. Clean all parameters for all variants
Added Component: Designator=C82(C 0402)
Add component. Clean all parameters for all variants
Added Component: Designator=C83(C 0402)
Add component. Clean all parameters for all variants
Added Component: Designator=C84(C 0402)
Add component. Clean all parameters for all variants
Added Component: Designator=C85(C 0402)
Add component. Clean all parameters for all variants
Added Component: Designator=C86(C 0402)
Add component. Clean all parameters for all variants
Added Component: Designator=C87(C 0402)
Add component. Clean all parameters for all variants
Added Component: Designator=C88(C 0402)
Add component. Clean all parameters for all variants
Added Component: Designator=C89(C 0402)
Add component. Clean all parameters for all variants
Added Component: Designator=C90(C 0402)
Add component. Clean all parameters for all variants
Added Component: Designator=C91(C 0402)
Add component. Clean all parameters for all variants
Added Component: Designator=C92(C 0402)
Add component. Clean all parameters for all variants
Added Component: Designator=C93(C 0402)
Add component. Clean all parameters for all variants
Added Component: Designator=C94(C 0402)
Add component. Clean all parameters for all variants
Added Component: Designator=C95(C 0402)
Add component. Clean all parameters for all variants
Added Component: Designator=C96(C 0402)
Add component. Clean all parameters for all variants
Added Component: Designator=C97(C 0402)
Add component. Clean all parameters for all variants
Added Component: Designator=C98(C 0402)
Add component. Clean all parameters for all variants
Added Component: Designator=C99(C 0402)
Add component. Clean all parameters for all variants
Added Component: Designator=C100(C 0402)
Add component. Clean all parameters for all variants
Added Component: Designator=C101(C 0402)
Add component. Clean all parameters for all variants
Added Component: Designator=C102(C 0402)
Add component. Clean all parameters for all variants
Added Component: Designator=C103(C 0402)
Add component. Clean all parameters for all variants
Added Component: Designator=C104(C 0402)
Add component. Clean all parameters for all variants
Added Component: Designator=C105(C 0402)
Add component. Clean all parameters for all variants
Added Component: Designator=C106(C 0402)
Add component. Clean all parameters for all variants
Added Component: Designator=C107(C 0402)
Add component. Clean all parameters for all variants
Added Component: Designator=C108(C 0402)
Add component. Clean all parameters for all variants
Added Component: Designator=D1(SOD-523)
Add component. Clean all parameters for all variants
Added Component: Designator=D2(SOD-523)
Add component. Clean all parameters for all variants
Added Component: Designator=D3(SOD-523)
Add component. Clean all parameters for all variants
Added Component: Designator=D4(SOD-523)
Add component. Clean all parameters for all variants
Added Component: Designator=J1(3710F060046G3FT01)
Add component. Clean all parameters for all variants
Added Component: Designator=J2(3710F060046G3FT01)
Add component. Clean all parameters for all variants
Added Component: Designator=L1(NR3015)
Add component. Clean all parameters for all variants
Added Component: Designator=L2(NR3015)
Add component. Clean all parameters for all variants
Added Component: Designator=L3(NR3015)
Add component. Clean all parameters for all variants
Added Component: Designator=LED1(LED 0603B)
Add component. Clean all parameters for all variants
Add component (AddParameter): Name = "BOM名称"; Value = "贴片LED"; VariantName = "[No Variations]"
Add component (AddParameter): Name = "学习资源"; Value = "www.ooocke.com"; VariantName = "[No Variations]"
Add component (AddParameter): Name = "版权归属"; Value = "源创客"; VariantName = "[No Variations]"
Added Component: Designator=Q1(SC70-3L)
Add component. Clean all parameters for all variants
Add component (AddParameter): Name = "BOM名称"; Value = "N沟场效应管"; VariantName = "[No Variations]"
Add component (AddParameter): Name = "学习资源"; Value = "www.ooocke.com"; VariantName = "[No Variations]"
Add component (AddParameter): Name = "版权归属"; Value = "源创客"; VariantName = "[No Variations]"
Added Component: Designator=Q2(SC70-3L)
Add component. Clean all parameters for all variants
Add component (AddParameter): Name = "BOM名称"; Value = "N沟场效应管"; VariantName = "[No Variations]"
Add component (AddParameter): Name = "学习资源"; Value = "www.ooocke.com"; VariantName = "[No Variations]"
Add component (AddParameter): Name = "版权归属"; Value = "源创客"; VariantName = "[No Variations]"
Added Component: Designator=Q3(SC70-3L)
Add component. Clean all parameters for all variants
Add component (AddParameter): Name = "BOM名称"; Value = "N沟场效应管"; VariantName = "[No Variations]"
Add component (AddParameter): Name = "学习资源"; Value = "www.ooocke.com"; VariantName = "[No Variations]"
Add component (AddParameter): Name = "版权归属"; Value = "源创客"; VariantName = "[No Variations]"
Added Component: Designator=Q4(SC70-3L)
Add component. Clean all parameters for all variants
Add component (AddParameter): Name = "BOM名称"; Value = "N沟场效应管"; VariantName = "[No Variations]"
Add component (AddParameter): Name = "学习资源"; Value = "www.ooocke.com"; VariantName = "[No Variations]"
Add component (AddParameter): Name = "版权归属"; Value = "源创客"; VariantName = "[No Variations]"
Added Component: Designator=Q5(SC70-3L)
Add component. Clean all parameters for all variants
Add component (AddParameter): Name = "BOM名称"; Value = "N沟场效应管"; VariantName = "[No Variations]"
Add component (AddParameter): Name = "学习资源"; Value = "www.ooocke.com"; VariantName = "[No Variations]"
Add component (AddParameter): Name = "版权归属"; Value = "源创客"; VariantName = "[No Variations]"
Added Component: Designator=Q6(SC70-3L)
Add component. Clean all parameters for all variants
Add component (AddParameter): Name = "BOM名称"; Value = "N沟场效应管"; VariantName = "[No Variations]"
Add component (AddParameter): Name = "学习资源"; Value = "www.ooocke.com"; VariantName = "[No Variations]"
Add component (AddParameter): Name = "版权归属"; Value = "源创客"; VariantName = "[No Variations]"
Added Component: Designator=Q7(SC70-3L)
Add component. Clean all parameters for all variants
Add component (AddParameter): Name = "BOM名称"; Value = "N沟场效应管"; VariantName = "[No Variations]"
Add component (AddParameter): Name = "学习资源"; Value = "www.ooocke.com"; VariantName = "[No Variations]"
Add component (AddParameter): Name = "版权归属"; Value = "源创客"; VariantName = "[No Variations]"
Added Component: Designator=R1(R 0402)
Add component. Clean all parameters for all variants
Added Component: Designator=R2(R 0402)
Add component. Clean all parameters for all variants
Added Component: Designator=R3(R 0402)
Add component. Clean all parameters for all variants
Added Component: Designator=R4(R 0402)
Add component. Clean all parameters for all variants
Added Component: Designator=R5(R 0402)
Add component. Clean all parameters for all variants
Added Component: Designator=R6(R 0402)
Add component. Clean all parameters for all variants
Added Component: Designator=R7(R 0402)
Add component. Clean all parameters for all variants
Added Component: Designator=R8(R 0402)
Add component. Clean all parameters for all variants
Added Component: Designator=R9(R 0402)
Add component. Clean all parameters for all variants
Added Component: Designator=R10(R 0402)
Add component. Clean all parameters for all variants
Added Component: Designator=R11(R 0402)
Add component. Clean all parameters for all variants
Added Component: Designator=R12(R 0402)
Add component. Clean all parameters for all variants
Added Component: Designator=R13(R 0402)
Add component. Clean all parameters for all variants
Added Component: Designator=R14(R 0402)
Add component. Clean all parameters for all variants
Added Component: Designator=R15(R 0402)
Add component. Clean all parameters for all variants
Added Component: Designator=R16(R 0402)
Add component. Clean all parameters for all variants
Added Component: Designator=R17(R 0402)
Add component. Clean all parameters for all variants
Added Component: Designator=R18(R 0402)
Add component. Clean all parameters for all variants
Added Component: Designator=R19(R 0402)
Add component. Clean all parameters for all variants
Added Component: Designator=R20(R 0402)
Add component. Clean all parameters for all variants
Added Component: Designator=R21(R 0402)
Add component. Clean all parameters for all variants
Added Component: Designator=R22(R 0402)
Add component. Clean all parameters for all variants
Added Component: Designator=R23(R 0402)
Add component. Clean all parameters for all variants
Added Component: Designator=R24(R 0402)
Add component. Clean all parameters for all variants
Added Component: Designator=R25(R 0402)
Add component. Clean all parameters for all variants
Added Component: Designator=R26(R 0402)
Add component. Clean all parameters for all variants
Added Component: Designator=R27(R 0402)
Add component. Clean all parameters for all variants
Added Component: Designator=R28(R 0402)
Add component. Clean all parameters for all variants
Added Component: Designator=R29(R 0402)
Add component. Clean all parameters for all variants
Added Component: Designator=R30(R 0402)
Add component. Clean all parameters for all variants
Added Component: Designator=R31(R 0402)
Add component. Clean all parameters for all variants
Added Component: Designator=R32(R 0402)
Add component. Clean all parameters for all variants
Added Component: Designator=R33(R 0402)
Add component. Clean all parameters for all variants
Added Component: Designator=R34(R 0402)
Add component. Clean all parameters for all variants
Added Component: Designator=R35(R 0402)
Add component. Clean all parameters for all variants
Added Component: Designator=R36(R 0402)
Add component. Clean all parameters for all variants
Added Component: Designator=R37(R 0402)
Add component. Clean all parameters for all variants
Added Component: Designator=R38(R 0402)
Add component. Clean all parameters for all variants
Added Component: Designator=R39(R 0402)
Add component. Clean all parameters for all variants
Added Component: Designator=R40(R 0402)
Add component. Clean all parameters for all variants
Added Component: Designator=R41(R 0402)
Add component. Clean all parameters for all variants
Added Component: Designator=R42(R 0402)
Add component. Clean all parameters for all variants
Added Component: Designator=R43(R 0402)
Add component. Clean all parameters for all variants
Added Component: Designator=R44(R 0402)
Add component. Clean all parameters for all variants
Added Component: Designator=R45(R 0402)
Add component. Clean all parameters for all variants
Added Component: Designator=R46(R 0402)
Add component. Clean all parameters for all variants
Added Component: Designator=R47(R 0402)
Add component. Clean all parameters for all variants
Added Component: Designator=R48(R 0402)
Add component. Clean all parameters for all variants
Added Component: Designator=R49(R 0402)
Add component. Clean all parameters for all variants
Added Component: Designator=R50(R 0402)
Add component. Clean all parameters for all variants
Added Component: Designator=R51(R 0402)
Add component. Clean all parameters for all variants
Added Component: Designator=R52(R 0402)
Add component. Clean all parameters for all variants
Added Component: Designator=R53(R 0402)
Add component. Clean all parameters for all variants
Added Component: Designator=R54(R 0402)
Add component. Clean all parameters for all variants
Added Component: Designator=R55(R 0402)
Add component. Clean all parameters for all variants
Added Component: Designator=R56(R 0402)
Add component. Clean all parameters for all variants
Added Component: Designator=R57(R 0402)
Add component. Clean all parameters for all variants
Added Component: Designator=R58(R 0402)
Add component. Clean all parameters for all variants
Added Component: Designator=R59(R 0402)
Add component. Clean all parameters for all variants
Added Component: Designator=R60(R 0402)
Add component. Clean all parameters for all variants
Added Component: Designator=R61(R 0402)
Add component. Clean all parameters for all variants
Added Component: Designator=R62(R 0402)
Add component. Clean all parameters for all variants
Added Component: Designator=R63(R 0402)
Add component. Clean all parameters for all variants
Added Component: Designator=R64(R 0402)
Add component. Clean all parameters for all variants
Added Component: Designator=R65(R 0402)
Add component. Clean all parameters for all variants
Added Component: Designator=R66(R 0402)
Add component. Clean all parameters for all variants
Added Component: Designator=R67(R 0402)
Add component. Clean all parameters for all variants
Added Component: Designator=R68(R 0402)
Add component. Clean all parameters for all variants
Added Component: Designator=R69(R 0402)
Add component. Clean all parameters for all variants
Added Component: Designator=R70(R 0402)
Add component. Clean all parameters for all variants
Added Component: Designator=R71(R 0402)
Add component. Clean all parameters for all variants
Added Component: Designator=R72(R 0402)
Add component. Clean all parameters for all variants
Added Component: Designator=R73(R 0402)
Add component. Clean all parameters for all variants
Added Component: Designator=R74(R 0402)
Add component. Clean all parameters for all variants
Added Component: Designator=R75(R 0402)
Add component. Clean all parameters for all variants
Added Component: Designator=R76(R 0402)
Add component. Clean all parameters for all variants
Added Component: Designator=R77(R 0402)
Add component. Clean all parameters for all variants
Added Component: Designator=R78(R 0402)
Add component. Clean all parameters for all variants
Added Component: Designator=R79(R 0402)
Add component. Clean all parameters for all variants
Added Component: Designator=R80(R 0402)
Add component. Clean all parameters for all variants
Added Component: Designator=R81(R 0402)
Add component. Clean all parameters for all variants
Added Component: Designator=R82(R 0402)
Add component. Clean all parameters for all variants
Added Component: Designator=R83(R 0402)
Add component. Clean all parameters for all variants
Added Component: Designator=R84(R 0402)
Add component. Clean all parameters for all variants
Added Component: Designator=R85(R 0402)
Add component. Clean all parameters for all variants
Added Component: Designator=R86(R 0402)
Add component. Clean all parameters for all variants
Added Component: Designator=R87(R 0402)
Add component. Clean all parameters for all variants
Added Component: Designator=R88(R 0402)
Add component. Clean all parameters for all variants
Added Component: Designator=R89(R 0402)
Add component. Clean all parameters for all variants
Added Component: Designator=R90(R 0402)
Add component. Clean all parameters for all variants
Added Component: Designator=R91(R 0402)
Add component. Clean all parameters for all variants
Added Component: Designator=R92(R 0402)
Add component. Clean all parameters for all variants
Added Component: Designator=TP1(TP-1.0)
Add component. Clean all parameters for all variants
Added Component: Designator=TP2(TP-1.0)
Add component. Clean all parameters for all variants
Added Component: Designator=TP3(TP-1.0)
Add component. Clean all parameters for all variants
Added Component: Designator=TP4(TP-1.0)
Add component. Clean all parameters for all variants
Added Component: Designator=TP5(TP-1.0)
Add component. Clean all parameters for all variants
Added Component: Designator=TP6(TP-1.0)
Add component. Clean all parameters for all variants
Added Component: Designator=TP7(TP-1.0)
Add component. Clean all parameters for all variants
Added Component: Designator=TP8(TP-1.0)
Add component. Clean all parameters for all variants
Added Component: Designator=U1(BGA289C80P17X17_1400X1400X132)
Add component. Clean all parameters for all variants
Added Component: Designator=U2(SOT23-3L)
Add component. Clean all parameters for all variants
Added Component: Designator=U3(BGA169  EMMC)
Add component. Clean all parameters for all variants
Added Component: Designator=U4(TSOP48)
Add component. Clean all parameters for all variants
Added Component: Designator=U5(BGA96)
Add component. Clean all parameters for all variants
Added Component: Designator=U7(SOT23-8L)
Add component. Clean all parameters for all variants
Added Component: Designator=U8(SOT23-3L)
Add component. Clean all parameters for all variants
Added Component: Designator=U9(SOT23-3L)
Add component. Clean all parameters for all variants
Added Component: Designator=U10(SOT23-8L)
Add component. Clean all parameters for all variants
Added Component: Designator=U11(SOT143)
Add component. Clean all parameters for all variants
Added Component: Designator=U12(SOT23-5L)
Add component. Clean all parameters for all variants
Added Component: Designator=U13(SOT23-8L)
Add component. Clean all parameters for all variants
Added Component: Designator=Y1(XTAL-3215)
Add component. Clean all parameters for all variants
Add component (AddParameter): Name = "LatestRevisionDate"; Value = "17-Jul-2002"; VariantName = "[No Variations]"
Add component (AddParameter): Name = "LatestRevisionNote"; Value = "Re-released for DXP Platform."; VariantName = "[No Variations]"
Add component (AddParameter): Name = "Published"; Value = "8-Jun-2000"; VariantName = "[No Variations]"
Add component (AddParameter): Name = "Publisher"; Value = "Altium Limited"; VariantName = "[No Variations]"
Added Component: Designator=Y2(XTAL-3225)
Add component. Clean all parameters for all variants
Added Pin To Net: NetName=6D_INT Pin=J1-22
Added Pin To Net: NetName=6D_INT Pin=R31-1
Added Pin To Net: NetName=6D_INT Pin=U1-P15
Added Net: Name=6D_INT
Added Pin To Net: NetName=ACC_INT Pin=J1-6
Added Pin To Net: NetName=ACC_INT Pin=U1-R10
Added Net: Name=ACC_INT
Added Pin To Net: NetName=AP_INT Pin=J1-49
Added Pin To Net: NetName=AP_INT Pin=U1-L15
Added Net: Name=AP_INT
Added Pin To Net: NetName=AUD_INT Pin=J1-3
Added Pin To Net: NetName=AUD_INT Pin=U1-P9
Added Net: Name=AUD_INT
Added Pin To Net: NetName=BEEP Pin=J1-5
Added Pin To Net: NetName=BEEP Pin=U1-R9
Added Net: Name=BEEP
Added Pin To Net: NetName=BLT_PWM Pin=J1-16
Added Pin To Net: NetName=BLT_PWM Pin=U1-N17
Added Net: Name=BLT_PWM
Added Pin To Net: NetName=BOOT_MODE0 Pin=J1-7
Added Pin To Net: NetName=BOOT_MODE0 Pin=U1-T10
Added Net: Name=BOOT_MODE0
Added Pin To Net: NetName=BOOT_MODE1 Pin=J1-8
Added Pin To Net: NetName=BOOT_MODE1 Pin=U1-U10
Added Net: Name=BOOT_MODE1
Added Pin To Net: NetName=CAN1_RX Pin=J1-35
Added Pin To Net: NetName=CAN1_RX Pin=U1-G14
Added Net: Name=CAN1_RX
Added Pin To Net: NetName=CAN1_TX Pin=J1-36
Added Pin To Net: NetName=CAN1_TX Pin=U1-H15
Added Net: Name=CAN1_TX
Added Pin To Net: NetName=CAN2_RX Pin=J1-40
Added Pin To Net: NetName=CAN2_RX Pin=U1-H14
Added Net: Name=CAN2_RX
Added Pin To Net: NetName=CAN2_TX Pin=J1-39
Added Pin To Net: NetName=CAN2_TX Pin=U1-J15
Added Net: Name=CAN2_TX
Added Pin To Net: NetName=CLK1_N Pin=TP2-1
Added Pin To Net: NetName=CLK1_N Pin=U1-P16
Added Net: Name=CLK1_N
Added Pin To Net: NetName=CLK1_P Pin=TP1-1
Added Pin To Net: NetName=CLK1_P Pin=U1-P17
Added Net: Name=CLK1_P
Added Pin To Net: NetName=CSI_DATA0 Pin=J2-56
Added Pin To Net: NetName=CSI_DATA0 Pin=U1-E4
Added Net: Name=CSI_DATA0
Added Pin To Net: NetName=CSI_DATA1 Pin=J2-57
Added Pin To Net: NetName=CSI_DATA1 Pin=U1-E3
Added Net: Name=CSI_DATA1
Added Pin To Net: NetName=CSI_DATA2 Pin=J2-3
Added Pin To Net: NetName=CSI_DATA2 Pin=U1-E2
Added Net: Name=CSI_DATA2
Added Pin To Net: NetName=CSI_DATA3 Pin=J2-59
Added Pin To Net: NetName=CSI_DATA3 Pin=U1-E1
Added Net: Name=CSI_DATA3
Added Pin To Net: NetName=CSI_DATA4 Pin=J2-55
Added Pin To Net: NetName=CSI_DATA4 Pin=U1-D4
Added Net: Name=CSI_DATA4
Added Pin To Net: NetName=CSI_DATA5 Pin=J2-6
Added Pin To Net: NetName=CSI_DATA5 Pin=U1-D3
Added Net: Name=CSI_DATA5
Added Pin To Net: NetName=CSI_DATA6 Pin=J2-4
Added Pin To Net: NetName=CSI_DATA6 Pin=U1-D2
Added Net: Name=CSI_DATA6
Added Pin To Net: NetName=CSI_DATA7 Pin=J2-58
Added Pin To Net: NetName=CSI_DATA7 Pin=U1-D1
Added Net: Name=CSI_DATA7
Added Pin To Net: NetName=CSI_HSYNC Pin=J2-1
Added Pin To Net: NetName=CSI_HSYNC Pin=U1-F3
Added Net: Name=CSI_HSYNC
Added Pin To Net: NetName=CSI_MCLK Pin=J2-2
Added Pin To Net: NetName=CSI_MCLK Pin=U1-F5
Added Net: Name=CSI_MCLK
Added Pin To Net: NetName=CSI_PIXCLK Pin=J2-5
Added Pin To Net: NetName=CSI_PIXCLK Pin=U1-E5
Added Net: Name=CSI_PIXCLK
Added Pin To Net: NetName=CSI_PWDN Pin=J1-14
Added Pin To Net: NetName=CSI_PWDN Pin=U1-M16
Added Net: Name=CSI_PWDN
Added Pin To Net: NetName=CSI_RESET Pin=J1-13
Added Pin To Net: NetName=CSI_RESET Pin=U1-L14
Added Net: Name=CSI_RESET
Added Pin To Net: NetName=CSI_VSYNC Pin=J2-60
Added Pin To Net: NetName=CSI_VSYNC Pin=U1-F2
Added Net: Name=CSI_VSYNC
Added Pin To Net: NetName=CT_INT Pin=J1-15
Added Pin To Net: NetName=CT_INT Pin=U1-M15
Added Net: Name=CT_INT
Added Pin To Net: NetName=CT_RST Pin=J2-48
Added Pin To Net: NetName=CT_RST Pin=U1-R6
Added Net: Name=CT_RST
Added Pin To Net: NetName=DC5V Pin=C79-2
Added Pin To Net: NetName=DC5V Pin=C80-2
Added Pin To Net: NetName=DC5V Pin=C83-2
Added Pin To Net: NetName=DC5V Pin=C85-2
Added Pin To Net: NetName=DC5V Pin=C86-2
Added Pin To Net: NetName=DC5V Pin=C90-2
Added Pin To Net: NetName=DC5V Pin=C91-2
Added Pin To Net: NetName=DC5V Pin=C100-2
Added Pin To Net: NetName=DC5V Pin=C101-2
Added Pin To Net: NetName=DC5V Pin=C104-2
Added Pin To Net: NetName=DC5V Pin=C105-2
Added Pin To Net: NetName=DC5V Pin=J1-1
Added Pin To Net: NetName=DC5V Pin=J1-2
Added Pin To Net: NetName=DC5V Pin=U7-2
Added Pin To Net: NetName=DC5V Pin=U8-2
Added Pin To Net: NetName=DC5V Pin=U9-2
Added Pin To Net: NetName=DC5V Pin=U10-2
Added Pin To Net: NetName=DC5V Pin=U12-1
Added Pin To Net: NetName=DC5V Pin=U13-2
Added Net: Name=DC5V
Added Pin To Net: NetName=DCDC_3V3_PG Pin=C95-2
Added Pin To Net: NetName=DCDC_3V3_PG Pin=R67-1
Added Pin To Net: NetName=DCDC_3V3_PG Pin=R79-2
Added Pin To Net: NetName=DCDC_3V3_PG Pin=R80-2
Added Pin To Net: NetName=DCDC_3V3_PG Pin=R91-1
Added Pin To Net: NetName=DCDC_3V3_PG Pin=U12-3
Added Net: Name=DCDC_3V3_PG
Added Pin To Net: NetName=DISCHG_EN Pin=C96-1
Added Pin To Net: NetName=DISCHG_EN Pin=Q2-2
Added Pin To Net: NetName=DISCHG_EN Pin=Q4-2
Added Pin To Net: NetName=DISCHG_EN Pin=Q7-2
Added Pin To Net: NetName=DISCHG_EN Pin=R77-2
Added Net: Name=DISCHG_EN
Added Pin To Net: NetName=DRAM_1V35 Pin=C55-2
Added Pin To Net: NetName=DRAM_1V35 Pin=C56-2
Added Pin To Net: NetName=DRAM_1V35 Pin=C60-2
Added Pin To Net: NetName=DRAM_1V35 Pin=C61-2
Added Pin To Net: NetName=DRAM_1V35 Pin=C62-2
Added Pin To Net: NetName=DRAM_1V35 Pin=C63-2
Added Pin To Net: NetName=DRAM_1V35 Pin=C64-2
Added Pin To Net: NetName=DRAM_1V35 Pin=C65-2
Added Pin To Net: NetName=DRAM_1V35 Pin=C66-2
Added Pin To Net: NetName=DRAM_1V35 Pin=C67-2
Added Pin To Net: NetName=DRAM_1V35 Pin=C68-2
Added Pin To Net: NetName=DRAM_1V35 Pin=C69-2
Added Pin To Net: NetName=DRAM_1V35 Pin=C70-2
Added Pin To Net: NetName=DRAM_1V35 Pin=C71-2
Added Pin To Net: NetName=DRAM_1V35 Pin=C72-2
Added Pin To Net: NetName=DRAM_1V35 Pin=C73-2
Added Pin To Net: NetName=DRAM_1V35 Pin=C74-2
Added Pin To Net: NetName=DRAM_1V35 Pin=C75-2
Added Pin To Net: NetName=DRAM_1V35 Pin=C76-2
Added Pin To Net: NetName=DRAM_1V35 Pin=C77-2
Added Pin To Net: NetName=DRAM_1V35 Pin=C78-2
Added Pin To Net: NetName=DRAM_1V35 Pin=R56-2
Added Pin To Net: NetName=DRAM_1V35 Pin=R88-2
Added Pin To Net: NetName=DRAM_1V35 Pin=U1-G6
Added Pin To Net: NetName=DRAM_1V35 Pin=U1-H6
Added Pin To Net: NetName=DRAM_1V35 Pin=U1-J6
Added Pin To Net: NetName=DRAM_1V35 Pin=U1-K6
Added Pin To Net: NetName=DRAM_1V35 Pin=U1-L6
Added Pin To Net: NetName=DRAM_1V35 Pin=U1-M6
Added Pin To Net: NetName=DRAM_1V35 Pin=U5-A1
Added Pin To Net: NetName=DRAM_1V35 Pin=U5-A8
Added Pin To Net: NetName=DRAM_1V35 Pin=U5-B2
Added Pin To Net: NetName=DRAM_1V35 Pin=U5-C1
Added Pin To Net: NetName=DRAM_1V35 Pin=U5-C9
Added Pin To Net: NetName=DRAM_1V35 Pin=U5-D2
Added Pin To Net: NetName=DRAM_1V35 Pin=U5-D9
Added Pin To Net: NetName=DRAM_1V35 Pin=U5-E9
Added Pin To Net: NetName=DRAM_1V35 Pin=U5-F1
Added Pin To Net: NetName=DRAM_1V35 Pin=U5-G7
Added Pin To Net: NetName=DRAM_1V35 Pin=U5-H2
Added Pin To Net: NetName=DRAM_1V35 Pin=U5-H9
Added Pin To Net: NetName=DRAM_1V35 Pin=U5-K2
Added Pin To Net: NetName=DRAM_1V35 Pin=U5-K8
Added Pin To Net: NetName=DRAM_1V35 Pin=U5-N1
Added Pin To Net: NetName=DRAM_1V35 Pin=U5-N9
Added Pin To Net: NetName=DRAM_1V35 Pin=U5-R1
Added Pin To Net: NetName=DRAM_1V35 Pin=U5-R9
Added Net: Name=DRAM_1V35
Added Pin To Net: NetName=DRAM_ADDR0 Pin=U1-L5
Added Pin To Net: NetName=DRAM_ADDR0 Pin=U5-N3
Added Net: Name=DRAM_ADDR0
Added Pin To Net: NetName=DRAM_ADDR1 Pin=U1-H2
Added Pin To Net: NetName=DRAM_ADDR1 Pin=U5-P7
Added Net: Name=DRAM_ADDR1
Added Pin To Net: NetName=DRAM_ADDR2 Pin=U1-K1
Added Pin To Net: NetName=DRAM_ADDR2 Pin=U5-P3
Added Net: Name=DRAM_ADDR2
Added Pin To Net: NetName=DRAM_ADDR3 Pin=U1-M2
Added Pin To Net: NetName=DRAM_ADDR3 Pin=U5-N2
Added Net: Name=DRAM_ADDR3
Added Pin To Net: NetName=DRAM_ADDR4 Pin=U1-K4
Added Pin To Net: NetName=DRAM_ADDR4 Pin=U5-P8
Added Net: Name=DRAM_ADDR4
Added Pin To Net: NetName=DRAM_ADDR5 Pin=U1-L1
Added Pin To Net: NetName=DRAM_ADDR5 Pin=U5-P2
Added Net: Name=DRAM_ADDR5
Added Pin To Net: NetName=DRAM_ADDR6 Pin=U1-G2
Added Pin To Net: NetName=DRAM_ADDR6 Pin=U5-R8
Added Net: Name=DRAM_ADDR6
Added Pin To Net: NetName=DRAM_ADDR7 Pin=U1-H4
Added Pin To Net: NetName=DRAM_ADDR7 Pin=U5-R2
Added Net: Name=DRAM_ADDR7
Added Pin To Net: NetName=DRAM_ADDR8 Pin=U1-J4
Added Pin To Net: NetName=DRAM_ADDR8 Pin=U5-T8
Added Net: Name=DRAM_ADDR8
Added Pin To Net: NetName=DRAM_ADDR9 Pin=U1-L2
Added Pin To Net: NetName=DRAM_ADDR9 Pin=U5-R3
Added Net: Name=DRAM_ADDR9
Added Pin To Net: NetName=DRAM_ADDR10 Pin=U1-M4
Added Pin To Net: NetName=DRAM_ADDR10 Pin=U5-L7
Added Net: Name=DRAM_ADDR10
Added Pin To Net: NetName=DRAM_ADDR11 Pin=U1-K3
Added Pin To Net: NetName=DRAM_ADDR11 Pin=U5-R7
Added Net: Name=DRAM_ADDR11
Added Pin To Net: NetName=DRAM_ADDR12 Pin=U1-L4
Added Pin To Net: NetName=DRAM_ADDR12 Pin=U5-N7
Added Net: Name=DRAM_ADDR12
Added Pin To Net: NetName=DRAM_ADDR13 Pin=U1-H3
Added Pin To Net: NetName=DRAM_ADDR13 Pin=U5-T3
Added Net: Name=DRAM_ADDR13
Added Pin To Net: NetName=DRAM_ADDR14 Pin=U1-G1
Added Pin To Net: NetName=DRAM_ADDR14 Pin=U5-T7
Added Net: Name=DRAM_ADDR14
Added Pin To Net: NetName=DRAM_ADDR15 Pin=U1-K5
Added Pin To Net: NetName=DRAM_ADDR15 Pin=U5-M7
Added Net: Name=DRAM_ADDR15
Added Pin To Net: NetName=DRAM_CAS_B Pin=U1-J2
Added Pin To Net: NetName=DRAM_CAS_B Pin=U5-K3
Added Net: Name=DRAM_CAS_B
Added Pin To Net: NetName=DRAM_CS0_B Pin=U1-N2
Added Pin To Net: NetName=DRAM_CS0_B Pin=U5-L2
Added Net: Name=DRAM_CS0_B
Added Pin To Net: NetName=DRAM_CS1_B Pin=U1-H5
Added Pin To Net: NetName=DRAM_CS1_B Pin=U5-L1
Added Net: Name=DRAM_CS1_B
Added Pin To Net: NetName=DRAM_DATA0 Pin=U1-T4
Added Pin To Net: NetName=DRAM_DATA0 Pin=U5-E3
Added Net: Name=DRAM_DATA0
Added Pin To Net: NetName=DRAM_DATA1 Pin=U1-U6
Added Pin To Net: NetName=DRAM_DATA1 Pin=U5-F7
Added Net: Name=DRAM_DATA1
Added Pin To Net: NetName=DRAM_DATA2 Pin=U1-T6
Added Pin To Net: NetName=DRAM_DATA2 Pin=U5-F2
Added Net: Name=DRAM_DATA2
Added Pin To Net: NetName=DRAM_DATA3 Pin=U1-U7
Added Pin To Net: NetName=DRAM_DATA3 Pin=U5-F8
Added Net: Name=DRAM_DATA3
Added Pin To Net: NetName=DRAM_DATA4 Pin=U1-U8
Added Pin To Net: NetName=DRAM_DATA4 Pin=U5-H3
Added Net: Name=DRAM_DATA4
Added Pin To Net: NetName=DRAM_DATA5 Pin=U1-T8
Added Pin To Net: NetName=DRAM_DATA5 Pin=U5-H8
Added Net: Name=DRAM_DATA5
Added Pin To Net: NetName=DRAM_DATA6 Pin=U1-T5
Added Pin To Net: NetName=DRAM_DATA6 Pin=U5-G2
Added Net: Name=DRAM_DATA6
Added Pin To Net: NetName=DRAM_DATA7 Pin=U1-U4
Added Pin To Net: NetName=DRAM_DATA7 Pin=U5-H7
Added Net: Name=DRAM_DATA7
Added Pin To Net: NetName=DRAM_DATA8 Pin=U1-U2
Added Pin To Net: NetName=DRAM_DATA8 Pin=U5-D7
Added Net: Name=DRAM_DATA8
Added Pin To Net: NetName=DRAM_DATA9 Pin=U1-U3
Added Pin To Net: NetName=DRAM_DATA9 Pin=U5-C3
Added Net: Name=DRAM_DATA9
Added Pin To Net: NetName=DRAM_DATA10 Pin=U1-U5
Added Pin To Net: NetName=DRAM_DATA10 Pin=U5-C8
Added Net: Name=DRAM_DATA10
Added Pin To Net: NetName=DRAM_DATA11 Pin=U1-R4
Added Pin To Net: NetName=DRAM_DATA11 Pin=U5-C2
Added Net: Name=DRAM_DATA11
Added Pin To Net: NetName=DRAM_DATA12 Pin=U1-P5
Added Pin To Net: NetName=DRAM_DATA12 Pin=U5-A7
Added Net: Name=DRAM_DATA12
Added Pin To Net: NetName=DRAM_DATA13 Pin=U1-P3
Added Pin To Net: NetName=DRAM_DATA13 Pin=U5-A2
Added Net: Name=DRAM_DATA13
Added Pin To Net: NetName=DRAM_DATA14 Pin=U1-R2
Added Pin To Net: NetName=DRAM_DATA14 Pin=U5-B8
Added Net: Name=DRAM_DATA14
Added Pin To Net: NetName=DRAM_DATA15 Pin=U1-R1
Added Pin To Net: NetName=DRAM_DATA15 Pin=U5-A3
Added Net: Name=DRAM_DATA15
Added Pin To Net: NetName=DRAM_DQM0 Pin=U1-T7
Added Pin To Net: NetName=DRAM_DQM0 Pin=U5-E7
Added Net: Name=DRAM_DQM0
Added Pin To Net: NetName=DRAM_DQM1 Pin=U1-T3
Added Pin To Net: NetName=DRAM_DQM1 Pin=U5-D3
Added Net: Name=DRAM_DQM1
Added Pin To Net: NetName=DRAM_ODT0 Pin=U1-N1
Added Pin To Net: NetName=DRAM_ODT0 Pin=U5-K1
Added Net: Name=DRAM_ODT0
Added Pin To Net: NetName=DRAM_ODT1 Pin=U1-F1
Added Pin To Net: NetName=DRAM_ODT1 Pin=U5-J1
Added Net: Name=DRAM_ODT1
Added Pin To Net: NetName=DRAM_RAS_B Pin=U1-M5
Added Pin To Net: NetName=DRAM_RAS_B Pin=U5-J3
Added Net: Name=DRAM_RAS_B
Added Pin To Net: NetName=DRAM_RESET_B Pin=R60-2
Added Pin To Net: NetName=DRAM_RESET_B Pin=U1-G4
Added Pin To Net: NetName=DRAM_RESET_B Pin=U5-T2
Added Net: Name=DRAM_RESET_B
Added Pin To Net: NetName=DRAM_SDBA0 Pin=U1-M1
Added Pin To Net: NetName=DRAM_SDBA0 Pin=U5-M2
Added Net: Name=DRAM_SDBA0
Added Pin To Net: NetName=DRAM_SDBA1 Pin=U1-H1
Added Pin To Net: NetName=DRAM_SDBA1 Pin=U5-N8
Added Net: Name=DRAM_SDBA1
Added Pin To Net: NetName=DRAM_SDBA2 Pin=U1-K2
Added Pin To Net: NetName=DRAM_SDBA2 Pin=U5-M3
Added Net: Name=DRAM_SDBA2
Added Pin To Net: NetName=DRAM_SDCKE0 Pin=R58-2
Added Pin To Net: NetName=DRAM_SDCKE0 Pin=U1-M3
Added Pin To Net: NetName=DRAM_SDCKE0 Pin=U5-K9
Added Net: Name=DRAM_SDCKE0
Added Pin To Net: NetName=DRAM_SDCKE1 Pin=R59-2
Added Pin To Net: NetName=DRAM_SDCKE1 Pin=U1-J3
Added Pin To Net: NetName=DRAM_SDCKE1 Pin=U5-J9
Added Net: Name=DRAM_SDCKE1
Added Pin To Net: NetName=DRAM_SDCLK0_N Pin=R53-1
Added Pin To Net: NetName=DRAM_SDCLK0_N Pin=U1-P2
Added Pin To Net: NetName=DRAM_SDCLK0_N Pin=U5-K7
Added Net: Name=DRAM_SDCLK0_N
Added Pin To Net: NetName=DRAM_SDCLK0_P Pin=R53-2
Added Pin To Net: NetName=DRAM_SDCLK0_P Pin=U1-P1
Added Pin To Net: NetName=DRAM_SDCLK0_P Pin=U5-J7
Added Net: Name=DRAM_SDCLK0_P
Added Pin To Net: NetName=DRAM_SDQS0_N Pin=C51-1
Added Pin To Net: NetName=DRAM_SDQS0_N Pin=U1-P7
Added Pin To Net: NetName=DRAM_SDQS0_N Pin=U5-G3
Added Net: Name=DRAM_SDQS0_N
Added Pin To Net: NetName=DRAM_SDQS0_P Pin=C51-2
Added Pin To Net: NetName=DRAM_SDQS0_P Pin=U1-P6
Added Pin To Net: NetName=DRAM_SDQS0_P Pin=U5-F3
Added Net: Name=DRAM_SDQS0_P
Added Pin To Net: NetName=DRAM_SDQS1_N Pin=C52-1
Added Pin To Net: NetName=DRAM_SDQS1_N Pin=U1-T2
Added Pin To Net: NetName=DRAM_SDQS1_N Pin=U5-B7
Added Net: Name=DRAM_SDQS1_N
Added Pin To Net: NetName=DRAM_SDQS1_P Pin=C52-2
Added Pin To Net: NetName=DRAM_SDQS1_P Pin=U1-T1
Added Pin To Net: NetName=DRAM_SDQS1_P Pin=U5-C7
Added Net: Name=DRAM_SDQS1_P
Added Pin To Net: NetName=DRAM_SDWE_B Pin=U1-J1
Added Pin To Net: NetName=DRAM_SDWE_B Pin=U5-L3
Added Net: Name=DRAM_SDWE_B
Added Pin To Net: NetName=DRAM_VREF Pin=C53-1
Added Pin To Net: NetName=DRAM_VREF Pin=C54-1
Added Pin To Net: NetName=DRAM_VREF Pin=C59-2
Added Pin To Net: NetName=DRAM_VREF Pin=R56-1
Added Pin To Net: NetName=DRAM_VREF Pin=R57-2
Added Pin To Net: NetName=DRAM_VREF Pin=U1-P4
Added Pin To Net: NetName=DRAM_VREF Pin=U5-H1
Added Pin To Net: NetName=DRAM_VREF Pin=U5-M8
Added Net: Name=DRAM_VREF
Added Pin To Net: NetName=DRAM_ZQ0 Pin=R54-1
Added Pin To Net: NetName=DRAM_ZQ0 Pin=U5-L8
Added Net: Name=DRAM_ZQ0
Added Pin To Net: NetName=DRAM_ZQ1 Pin=R55-1
Added Pin To Net: NetName=DRAM_ZQ1 Pin=U5-L9
Added Net: Name=DRAM_ZQ1
Added Pin To Net: NetName=ECSPI3_SCLK Pin=J1-41
Added Pin To Net: NetName=ECSPI3_SCLK Pin=U1-J16
Added Net: Name=ECSPI3_SCLK
Added Pin To Net: NetName=ECSPI3_SS0 Pin=J1-42
Added Pin To Net: NetName=ECSPI3_SS0 Pin=U1-J17
Added Net: Name=ECSPI3_SS0
Added Pin To Net: NetName=ECSPI4_MISO Pin=J2-31
Added Pin To Net: NetName=ECSPI4_MISO Pin=R52-2
Added Net: Name=ECSPI4_MISO
Added Pin To Net: NetName=ECSPI4_MOSI Pin=J2-32
Added Pin To Net: NetName=ECSPI4_MOSI Pin=U1-B15
Added Net: Name=ECSPI4_MOSI
Added Pin To Net: NetName=ECSPI4_SCLK Pin=J2-35
Added Pin To Net: NetName=ECSPI4_SCLK Pin=U1-A16
Added Net: Name=ECSPI4_SCLK
Added Pin To Net: NetName=ECSPI4_SS0 Pin=J2-34
Added Pin To Net: NetName=ECSPI4_SS0 Pin=U1-D16
Added Net: Name=ECSPI4_SS0
Added Pin To Net: NetName=EMMC_VDDIM Pin=C41-2
Added Pin To Net: NetName=EMMC_VDDIM Pin=C42-2
Added Pin To Net: NetName=EMMC_VDDIM Pin=U3-C2
Added Net: Name=EMMC_VDDIM
Added Pin To Net: NetName=ENET1_CRS_DV Pin=J1-25
Added Pin To Net: NetName=ENET1_CRS_DV Pin=U1-E16
Added Net: Name=ENET1_CRS_DV
Added Pin To Net: NetName=ENET1_INT_TREE# Pin=J1-11
Added Pin To Net: NetName=ENET1_INT_TREE# Pin=U1-N8
Added Net: Name=ENET1_INT_TREE#
Added Pin To Net: NetName=ENET1_RST Pin=J1-10
Added Pin To Net: NetName=ENET1_RST Pin=U1-N10
Added Net: Name=ENET1_RST
Added Pin To Net: NetName=ENET1_RXD0 Pin=J1-26
Added Pin To Net: NetName=ENET1_RXD0 Pin=U1-F16
Added Net: Name=ENET1_RXD0
Added Pin To Net: NetName=ENET1_RXD1 Pin=J1-24
Added Pin To Net: NetName=ENET1_RXD1 Pin=U1-E17
Added Net: Name=ENET1_RXD1
Added Pin To Net: NetName=ENET1_RXER Pin=J1-30
Added Pin To Net: NetName=ENET1_RXER Pin=U1-D15
Added Net: Name=ENET1_RXER
Added Pin To Net: NetName=ENET1_TX_CLK Pin=J1-29
Added Pin To Net: NetName=ENET1_TX_CLK Pin=R50-2
Added Net: Name=ENET1_TX_CLK
Added Pin To Net: NetName=ENET1_TXD0 Pin=J1-23
Added Pin To Net: NetName=ENET1_TXD0 Pin=U1-E15
Added Net: Name=ENET1_TXD0
Added Pin To Net: NetName=ENET1_TXD1 Pin=J1-28
Added Pin To Net: NetName=ENET1_TXD1 Pin=U1-E14
Added Net: Name=ENET1_TXD1
Added Pin To Net: NetName=ENET1_TXEN Pin=J1-27
Added Pin To Net: NetName=ENET1_TXEN Pin=U1-F15
Added Net: Name=ENET1_TXEN
Added Pin To Net: NetName=ENET2_CRS_DV Pin=J2-33
Added Pin To Net: NetName=ENET2_CRS_DV Pin=U1-B17
Added Net: Name=ENET2_CRS_DV
Added Pin To Net: NetName=ENET2_INT_TREE# Pin=J2-39
Added Pin To Net: NetName=ENET2_INT_TREE# Pin=U1-N11
Added Net: Name=ENET2_INT_TREE#
Added Pin To Net: NetName=ENET2_RST Pin=J1-9
Added Pin To Net: NetName=ENET2_RST Pin=U1-N9
Added Net: Name=ENET2_RST
Added Pin To Net: NetName=ENET2_RXD0 Pin=J2-38
Added Pin To Net: NetName=ENET2_RXD0 Pin=U1-C17
Added Net: Name=ENET2_RXD0
Added Pin To Net: NetName=ENET2_RXD1 Pin=J2-37
Added Pin To Net: NetName=ENET2_RXD1 Pin=U1-C16
Added Net: Name=ENET2_RXD1
Added Pin To Net: NetName=ENET2_TXD0 Pin=J2-36
Added Pin To Net: NetName=ENET2_TXD0 Pin=U1-A15
Added Net: Name=ENET2_TXD0
Added Pin To Net: NetName=ENET_MDC Pin=J1-45
Added Pin To Net: NetName=ENET_MDC Pin=U1-L16
Added Net: Name=ENET_MDC
Added Pin To Net: NetName=ENET_MDIO Pin=J1-44
Added Pin To Net: NetName=ENET_MDIO Pin=U1-K17
Added Net: Name=ENET_MDIO
Added Pin To Net: NetName=GND Pin=C1-2
Added Pin To Net: NetName=GND Pin=C2-1
Added Pin To Net: NetName=GND Pin=C3-1
Added Pin To Net: NetName=GND Pin=C4-1
Added Pin To Net: NetName=GND Pin=C5-1
Added Pin To Net: NetName=GND Pin=C6-1
Added Pin To Net: NetName=GND Pin=C7-1
Added Pin To Net: NetName=GND Pin=C8-1
Added Pin To Net: NetName=GND Pin=C9-2
Added Pin To Net: NetName=GND Pin=C10-1
Added Pin To Net: NetName=GND Pin=C11-1
Added Pin To Net: NetName=GND Pin=C12-2
Added Pin To Net: NetName=GND Pin=C13-1
Added Pin To Net: NetName=GND Pin=C14-2
Added Pin To Net: NetName=GND Pin=C15-1
Added Pin To Net: NetName=GND Pin=C16-1
Added Pin To Net: NetName=GND Pin=C17-1
Added Pin To Net: NetName=GND Pin=C18-1
Added Pin To Net: NetName=GND Pin=C19-1
Added Pin To Net: NetName=GND Pin=C20-1
Added Pin To Net: NetName=GND Pin=C21-1
Added Pin To Net: NetName=GND Pin=C22-1
Added Pin To Net: NetName=GND Pin=C23-1
Added Pin To Net: NetName=GND Pin=C24-1
Added Pin To Net: NetName=GND Pin=C25-1
Added Pin To Net: NetName=GND Pin=C26-1
Added Pin To Net: NetName=GND Pin=C27-1
Added Pin To Net: NetName=GND Pin=C28-1
Added Pin To Net: NetName=GND Pin=C29-1
Added Pin To Net: NetName=GND Pin=C30-1
Added Pin To Net: NetName=GND Pin=C31-1
Added Pin To Net: NetName=GND Pin=C32-1
Added Pin To Net: NetName=GND Pin=C33-1
Added Pin To Net: NetName=GND Pin=C34-1
Added Pin To Net: NetName=GND Pin=C35-1
Added Pin To Net: NetName=GND Pin=C36-1
Added Pin To Net: NetName=GND Pin=C37-1
Added Pin To Net: NetName=GND Pin=C38-1
Added Pin To Net: NetName=GND Pin=C39-1
Added Pin To Net: NetName=GND Pin=C40-2
Added Pin To Net: NetName=GND Pin=C41-1
Added Pin To Net: NetName=GND Pin=C42-1
Added Pin To Net: NetName=GND Pin=C43-2
Added Pin To Net: NetName=GND Pin=C44-1
Added Pin To Net: NetName=GND Pin=C45-1
Added Pin To Net: NetName=GND Pin=C46-1
Added Pin To Net: NetName=GND Pin=C47-1
Added Pin To Net: NetName=GND Pin=C48-2
Added Pin To Net: NetName=GND Pin=C49-2
Added Pin To Net: NetName=GND Pin=C50-1
Added Pin To Net: NetName=GND Pin=C53-2
Added Pin To Net: NetName=GND Pin=C54-2
Added Pin To Net: NetName=GND Pin=C56-1
Added Pin To Net: NetName=GND Pin=C57-1
Added Pin To Net: NetName=GND Pin=C58-1
Added Pin To Net: NetName=GND Pin=C59-1
Added Pin To Net: NetName=GND Pin=C60-1
Added Pin To Net: NetName=GND Pin=C61-1
Added Pin To Net: NetName=GND Pin=C62-1
Added Pin To Net: NetName=GND Pin=C63-1
Added Pin To Net: NetName=GND Pin=C64-1
Added Pin To Net: NetName=GND Pin=C65-1
Added Pin To Net: NetName=GND Pin=C66-1
Added Pin To Net: NetName=GND Pin=C67-1
Added Pin To Net: NetName=GND Pin=C68-1
Added Pin To Net: NetName=GND Pin=C69-1
Added Pin To Net: NetName=GND Pin=C70-1
Added Pin To Net: NetName=GND Pin=C71-1
Added Pin To Net: NetName=GND Pin=C72-1
Added Pin To Net: NetName=GND Pin=C73-1
Added Pin To Net: NetName=GND Pin=C74-1
Added Pin To Net: NetName=GND Pin=C75-1
Added Pin To Net: NetName=GND Pin=C76-1
Added Pin To Net: NetName=GND Pin=C77-1
Added Pin To Net: NetName=GND Pin=C78-1
Added Pin To Net: NetName=GND Pin=C79-1
Added Pin To Net: NetName=GND Pin=C80-1
Added Pin To Net: NetName=GND Pin=C81-1
Added Pin To Net: NetName=GND Pin=C82-1
Added Pin To Net: NetName=GND Pin=C83-1
Added Pin To Net: NetName=GND Pin=C84-1
Added Pin To Net: NetName=GND Pin=C85-1
Added Pin To Net: NetName=GND Pin=C86-1
Added Pin To Net: NetName=GND Pin=C87-1
Added Pin To Net: NetName=GND Pin=C88-1
Added Pin To Net: NetName=GND Pin=C89-1
Added Pin To Net: NetName=GND Pin=C90-1
Added Pin To Net: NetName=GND Pin=C91-1
Added Pin To Net: NetName=GND Pin=C92-2
Added Pin To Net: NetName=GND Pin=C93-2
Added Pin To Net: NetName=GND Pin=C94-2
Added Pin To Net: NetName=GND Pin=C95-1
Added Pin To Net: NetName=GND Pin=C96-2
Added Pin To Net: NetName=GND Pin=C97-1
Added Pin To Net: NetName=GND Pin=C98-1
Added Pin To Net: NetName=GND Pin=C99-1
Added Pin To Net: NetName=GND Pin=C100-1
Added Pin To Net: NetName=GND Pin=C101-1
Added Pin To Net: NetName=GND Pin=C102-1
Added Pin To Net: NetName=GND Pin=C104-1
Added Pin To Net: NetName=GND Pin=C105-1
Added Pin To Net: NetName=GND Pin=C106-2
Added Pin To Net: NetName=GND Pin=C107-2
Added Pin To Net: NetName=GND Pin=C108-1
Added Pin To Net: NetName=GND Pin=J1-59
Added Pin To Net: NetName=GND Pin=J1-60
Added Pin To Net: NetName=GND Pin=LED1-2
Added Pin To Net: NetName=GND Pin=Q2-1
Added Pin To Net: NetName=GND Pin=Q4-1
Added Pin To Net: NetName=GND Pin=Q5-1
Added Pin To Net: NetName=GND Pin=Q7-1
Added Pin To Net: NetName=GND Pin=R5-1
Added Pin To Net: NetName=GND Pin=R6-1
Added Pin To Net: NetName=GND Pin=R7-1
Added Pin To Net: NetName=GND Pin=R8-1
Added Pin To Net: NetName=GND Pin=R9-1
Added Pin To Net: NetName=GND Pin=R10-1
Added Pin To Net: NetName=GND Pin=R11-1
Added Pin To Net: NetName=GND Pin=R12-1
Added Pin To Net: NetName=GND Pin=R13-1
Added Pin To Net: NetName=GND Pin=R14-1
Added Pin To Net: NetName=GND Pin=R15-1
Added Pin To Net: NetName=GND Pin=R16-1
Added Pin To Net: NetName=GND Pin=R17-1
Added Pin To Net: NetName=GND Pin=R18-1
Added Pin To Net: NetName=GND Pin=R19-1
Added Pin To Net: NetName=GND Pin=R20-1
Added Pin To Net: NetName=GND Pin=R21-1
Added Pin To Net: NetName=GND Pin=R22-1
Added Pin To Net: NetName=GND Pin=R23-1
Added Pin To Net: NetName=GND Pin=R24-1
Added Pin To Net: NetName=GND Pin=R25-1
Added Pin To Net: NetName=GND Pin=R26-1
Added Pin To Net: NetName=GND Pin=R27-1
Added Pin To Net: NetName=GND Pin=R28-1
Added Pin To Net: NetName=GND Pin=R29-2
Added Pin To Net: NetName=GND Pin=R31-2
Added Pin To Net: NetName=GND Pin=R44-1
Added Pin To Net: NetName=GND Pin=R54-2
Added Pin To Net: NetName=GND Pin=R55-2
Added Pin To Net: NetName=GND Pin=R57-1
Added Pin To Net: NetName=GND Pin=R58-1
Added Pin To Net: NetName=GND Pin=R59-1
Added Pin To Net: NetName=GND Pin=R60-1
Added Pin To Net: NetName=GND Pin=R61-1
Added Pin To Net: NetName=GND Pin=R70-1
Added Pin To Net: NetName=GND Pin=R71-1
Added Pin To Net: NetName=GND Pin=R72-1
Added Pin To Net: NetName=GND Pin=R78-1
Added Pin To Net: NetName=GND Pin=R84-1
Added Pin To Net: NetName=GND Pin=R85-1
Added Pin To Net: NetName=GND Pin=R86-2
Added Pin To Net: NetName=GND Pin=R92-1
Added Pin To Net: NetName=GND Pin=U1-A1
Added Pin To Net: NetName=GND Pin=U1-A17
Added Pin To Net: NetName=GND Pin=U1-C3
Added Pin To Net: NetName=GND Pin=U1-C7
Added Pin To Net: NetName=GND Pin=U1-C11
Added Pin To Net: NetName=GND Pin=U1-C15
Added Pin To Net: NetName=GND Pin=U1-E8
Added Pin To Net: NetName=GND Pin=U1-E11
Added Pin To Net: NetName=GND Pin=U1-F6
Added Pin To Net: NetName=GND Pin=U1-F7
Added Pin To Net: NetName=GND Pin=U1-F8
Added Pin To Net: NetName=GND Pin=U1-F9
Added Pin To Net: NetName=GND Pin=U1-F10
Added Pin To Net: NetName=GND Pin=U1-F11
Added Pin To Net: NetName=GND Pin=U1-F12
Added Pin To Net: NetName=GND Pin=U1-G3
Added Pin To Net: NetName=GND Pin=U1-G5
Added Pin To Net: NetName=GND Pin=U1-G7
Added Pin To Net: NetName=GND Pin=U1-G12
Added Pin To Net: NetName=GND Pin=U1-G15
Added Pin To Net: NetName=GND Pin=U1-H7
Added Pin To Net: NetName=GND Pin=U1-H12
Added Pin To Net: NetName=GND Pin=U1-J5
Added Pin To Net: NetName=GND Pin=U1-J7
Added Pin To Net: NetName=GND Pin=U1-J12
Added Pin To Net: NetName=GND Pin=U1-K7
Added Pin To Net: NetName=GND Pin=U1-K12
Added Pin To Net: NetName=GND Pin=U1-L3
Added Pin To Net: NetName=GND Pin=U1-L7
Added Pin To Net: NetName=GND Pin=U1-L12
Added Pin To Net: NetName=GND Pin=U1-M7
Added Pin To Net: NetName=GND Pin=U1-M8
Added Pin To Net: NetName=GND Pin=U1-M9
Added Pin To Net: NetName=GND Pin=U1-M10
Added Pin To Net: NetName=GND Pin=U1-M11
Added Pin To Net: NetName=GND Pin=U1-M12
Added Pin To Net: NetName=GND Pin=U1-N3
Added Pin To Net: NetName=GND Pin=U1-N5
Added Pin To Net: NetName=GND Pin=U1-N7
Added Pin To Net: NetName=GND Pin=U1-R3
Added Pin To Net: NetName=GND Pin=U1-R5
Added Pin To Net: NetName=GND Pin=U1-R7
Added Pin To Net: NetName=GND Pin=U1-R11
Added Pin To Net: NetName=GND Pin=U1-R16
Added Pin To Net: NetName=GND Pin=U1-R17
Added Pin To Net: NetName=GND Pin=U1-T14
Added Pin To Net: NetName=GND Pin=U1-U1
Added Pin To Net: NetName=GND Pin=U1-U14
Added Pin To Net: NetName=GND Pin=U1-U17
Added Pin To Net: NetName=GND Pin=U2-1
Added Pin To Net: NetName=GND Pin=U3-C4
Added Pin To Net: NetName=GND Pin=U3-E7
Added Pin To Net: NetName=GND Pin=U3-G5
Added Pin To Net: NetName=GND Pin=U3-H10
Added Pin To Net: NetName=GND Pin=U3-K8
Added Pin To Net: NetName=GND Pin=U3-N2
Added Pin To Net: NetName=GND Pin=U3-N5
Added Pin To Net: NetName=GND Pin=U3-P4
Added Pin To Net: NetName=GND Pin=U3-P6
Added Pin To Net: NetName=GND Pin=U4-13
Added Pin To Net: NetName=GND Pin=U4-25
Added Pin To Net: NetName=GND Pin=U4-36
Added Pin To Net: NetName=GND Pin=U4-48
Added Pin To Net: NetName=GND Pin=U5-A9
Added Pin To Net: NetName=GND Pin=U5-B1
Added Pin To Net: NetName=GND Pin=U5-B3
Added Pin To Net: NetName=GND Pin=U5-B9
Added Pin To Net: NetName=GND Pin=U5-D1
Added Pin To Net: NetName=GND Pin=U5-D8
Added Pin To Net: NetName=GND Pin=U5-E1
Added Pin To Net: NetName=GND Pin=U5-E2
Added Pin To Net: NetName=GND Pin=U5-E8
Added Pin To Net: NetName=GND Pin=U5-F9
Added Pin To Net: NetName=GND Pin=U5-G1
Added Pin To Net: NetName=GND Pin=U5-G8
Added Pin To Net: NetName=GND Pin=U5-G9
Added Pin To Net: NetName=GND Pin=U5-J2
Added Pin To Net: NetName=GND Pin=U5-J8
Added Pin To Net: NetName=GND Pin=U5-M1
Added Pin To Net: NetName=GND Pin=U5-M9
Added Pin To Net: NetName=GND Pin=U5-P1
Added Pin To Net: NetName=GND Pin=U5-P9
Added Pin To Net: NetName=GND Pin=U5-T1
Added Pin To Net: NetName=GND Pin=U5-T9
Added Pin To Net: NetName=GND Pin=U7-4
Added Pin To Net: NetName=GND Pin=U7-6
Added Pin To Net: NetName=GND Pin=U10-4
Added Pin To Net: NetName=GND Pin=U10-6
Added Pin To Net: NetName=GND Pin=U11-1
Added Pin To Net: NetName=GND Pin=U12-2
Added Pin To Net: NetName=GND Pin=U13-4
Added Pin To Net: NetName=GND Pin=U13-6
Added Pin To Net: NetName=GND Pin=Y2-2
Added Pin To Net: NetName=GND Pin=Y2-4
Added Net: Name=GND
Added Pin To Net: NetName=GPIO_0 Pin=J1-51
Added Pin To Net: NetName=GPIO_0 Pin=U1-K13
Added Net: Name=GPIO_0
Added Pin To Net: NetName=GPIO_3 Pin=J1-47
Added Pin To Net: NetName=GPIO_3 Pin=U1-L17
Added Net: Name=GPIO_3
Added Pin To Net: NetName=GPIO_5 Pin=J2-47
Added Pin To Net: NetName=GPIO_5 Pin=Q6-2
Added Pin To Net: NetName=GPIO_5 Pin=R85-2
Added Pin To Net: NetName=GPIO_5 Pin=U1-M17
Added Net: Name=GPIO_5
Added Pin To Net: NetName=GPIO_DVFS Pin=Q3-2
Added Pin To Net: NetName=GPIO_DVFS Pin=R72-2
Added Pin To Net: NetName=GPIO_DVFS Pin=U1-P10
Added Net: Name=GPIO_DVFS
Added Pin To Net: NetName=HDMI_INT Pin=J1-48
Added Pin To Net: NetName=HDMI_INT Pin=U1-K15
Added Net: Name=HDMI_INT
Added Pin To Net: NetName=I2C1_SCL Pin=J1-33
Added Pin To Net: NetName=I2C1_SCL Pin=U1-G17
Added Net: Name=I2C1_SCL
Added Pin To Net: NetName=I2C1_SDA Pin=J1-34
Added Pin To Net: NetName=I2C1_SDA Pin=U1-G16
Added Net: Name=I2C1_SDA
Added Pin To Net: NetName=I2C2_SCL Pin=J1-31
Added Pin To Net: NetName=I2C2_SCL Pin=U1-F17
Added Net: Name=I2C2_SCL
Added Pin To Net: NetName=I2C2_SDA Pin=J1-32
Added Pin To Net: NetName=I2C2_SDA Pin=U1-G13
Added Net: Name=I2C2_SDA
Added Pin To Net: NetName=JTAG_nTRST Pin=J1-21
Added Pin To Net: NetName=JTAG_nTRST Pin=U1-N14
Added Net: Name=JTAG_nTRST
Added Pin To Net: NetName=JTAG_TCK Pin=J1-19
Added Pin To Net: NetName=JTAG_TCK Pin=R29-1
Added Pin To Net: NetName=JTAG_TCK Pin=U1-M14
Added Net: Name=JTAG_TCK
Added Pin To Net: NetName=JTAG_TDI Pin=J1-17
Added Pin To Net: NetName=JTAG_TDI Pin=U1-N16
Added Net: Name=JTAG_TDI
Added Pin To Net: NetName=JTAG_TDO Pin=J1-18
Added Pin To Net: NetName=JTAG_TDO Pin=U1-N15
Added Net: Name=JTAG_TDO
Added Pin To Net: NetName=JTAG_TMS Pin=J1-20
Added Pin To Net: NetName=JTAG_TMS Pin=U1-P14
Added Net: Name=JTAG_TMS
Added Pin To Net: NetName=LCD_DATA0 Pin=J2-7
Added Pin To Net: NetName=LCD_DATA0 Pin=R4-2
Added Pin To Net: NetName=LCD_DATA0 Pin=R5-2
Added Pin To Net: NetName=LCD_DATA0 Pin=U1-B9
Added Net: Name=LCD_DATA0
Added Pin To Net: NetName=LCD_DATA1 Pin=J2-8
Added Pin To Net: NetName=LCD_DATA1 Pin=R3-2
Added Pin To Net: NetName=LCD_DATA1 Pin=R6-2
Added Pin To Net: NetName=LCD_DATA1 Pin=U1-A9
Added Net: Name=LCD_DATA1
Added Pin To Net: NetName=LCD_DATA2 Pin=J2-9
Added Pin To Net: NetName=LCD_DATA2 Pin=R7-2
Added Pin To Net: NetName=LCD_DATA2 Pin=U1-E10
Added Net: Name=LCD_DATA2
Added Pin To Net: NetName=LCD_DATA3 Pin=J2-10
Added Pin To Net: NetName=LCD_DATA3 Pin=R8-2
Added Pin To Net: NetName=LCD_DATA3 Pin=U1-D10
Added Net: Name=LCD_DATA3
Added Pin To Net: NetName=LCD_DATA4 Pin=J2-11
Added Pin To Net: NetName=LCD_DATA4 Pin=R9-2
Added Pin To Net: NetName=LCD_DATA4 Pin=U1-C10
Added Net: Name=LCD_DATA4
Added Pin To Net: NetName=LCD_DATA5 Pin=J2-12
Added Pin To Net: NetName=LCD_DATA5 Pin=R10-2
Added Pin To Net: NetName=LCD_DATA5 Pin=U1-B10
Added Net: Name=LCD_DATA5
Added Pin To Net: NetName=LCD_DATA6 Pin=J2-13
Added Pin To Net: NetName=LCD_DATA6 Pin=R11-2
Added Pin To Net: NetName=LCD_DATA6 Pin=U1-A10
Added Net: Name=LCD_DATA6
Added Pin To Net: NetName=LCD_DATA7 Pin=J2-14
Added Pin To Net: NetName=LCD_DATA7 Pin=R12-2
Added Pin To Net: NetName=LCD_DATA7 Pin=U1-D11
Added Net: Name=LCD_DATA7
Added Pin To Net: NetName=LCD_DATA8 Pin=J2-15
Added Pin To Net: NetName=LCD_DATA8 Pin=R13-2
Added Pin To Net: NetName=LCD_DATA8 Pin=U1-B11
Added Net: Name=LCD_DATA8
Added Pin To Net: NetName=LCD_DATA9 Pin=J2-16
Added Pin To Net: NetName=LCD_DATA9 Pin=R14-2
Added Pin To Net: NetName=LCD_DATA9 Pin=U1-A11
Added Net: Name=LCD_DATA9
Added Pin To Net: NetName=LCD_DATA10 Pin=J2-17
Added Pin To Net: NetName=LCD_DATA10 Pin=R15-2
Added Pin To Net: NetName=LCD_DATA10 Pin=U1-E12
Added Net: Name=LCD_DATA10
Added Pin To Net: NetName=LCD_DATA11 Pin=J2-18
Added Pin To Net: NetName=LCD_DATA11 Pin=R16-2
Added Pin To Net: NetName=LCD_DATA11 Pin=U1-D12
Added Net: Name=LCD_DATA11
Added Pin To Net: NetName=LCD_DATA12 Pin=J2-19
Added Pin To Net: NetName=LCD_DATA12 Pin=R17-2
Added Pin To Net: NetName=LCD_DATA12 Pin=U1-C12
Added Net: Name=LCD_DATA12
Added Pin To Net: NetName=LCD_DATA13 Pin=J2-20
Added Pin To Net: NetName=LCD_DATA13 Pin=R2-2
Added Pin To Net: NetName=LCD_DATA13 Pin=R18-2
Added Pin To Net: NetName=LCD_DATA13 Pin=U1-B12
Added Net: Name=LCD_DATA13
Added Pin To Net: NetName=LCD_DATA14 Pin=J2-21
Added Pin To Net: NetName=LCD_DATA14 Pin=R1-2
Added Pin To Net: NetName=LCD_DATA14 Pin=R19-2
Added Pin To Net: NetName=LCD_DATA14 Pin=U1-A12
Added Net: Name=LCD_DATA14
Added Pin To Net: NetName=LCD_DATA15 Pin=J2-22
Added Pin To Net: NetName=LCD_DATA15 Pin=R20-2
Added Pin To Net: NetName=LCD_DATA15 Pin=U1-D13
Added Net: Name=LCD_DATA15
Added Pin To Net: NetName=LCD_DATA16 Pin=J2-23
Added Pin To Net: NetName=LCD_DATA16 Pin=R21-2
Added Pin To Net: NetName=LCD_DATA16 Pin=U1-C13
Added Net: Name=LCD_DATA16
Added Pin To Net: NetName=LCD_DATA17 Pin=J2-24
Added Pin To Net: NetName=LCD_DATA17 Pin=R22-2
Added Pin To Net: NetName=LCD_DATA17 Pin=U1-B13
Added Net: Name=LCD_DATA17
Added Pin To Net: NetName=LCD_DATA18 Pin=J2-25
Added Pin To Net: NetName=LCD_DATA18 Pin=R23-2
Added Pin To Net: NetName=LCD_DATA18 Pin=U1-A13
Added Net: Name=LCD_DATA18
Added Pin To Net: NetName=LCD_DATA19 Pin=J2-26
Added Pin To Net: NetName=LCD_DATA19 Pin=R24-2
Added Pin To Net: NetName=LCD_DATA19 Pin=U1-D14
Added Net: Name=LCD_DATA19
Added Pin To Net: NetName=LCD_DATA20 Pin=J2-27
Added Pin To Net: NetName=LCD_DATA20 Pin=R25-2
Added Pin To Net: NetName=LCD_DATA20 Pin=U1-C14
Added Net: Name=LCD_DATA20
Added Pin To Net: NetName=LCD_DATA21 Pin=J2-28
Added Pin To Net: NetName=LCD_DATA21 Pin=R26-2
Added Pin To Net: NetName=LCD_DATA21 Pin=U1-B14
Added Net: Name=LCD_DATA21
Added Pin To Net: NetName=LCD_DATA22 Pin=J2-29
Added Pin To Net: NetName=LCD_DATA22 Pin=R27-2
Added Pin To Net: NetName=LCD_DATA22 Pin=U1-A14
Added Net: Name=LCD_DATA22
Added Pin To Net: NetName=LCD_DATA23 Pin=J2-30
Added Pin To Net: NetName=LCD_DATA23 Pin=R28-2
Added Pin To Net: NetName=LCD_DATA23 Pin=U1-B16
Added Net: Name=LCD_DATA23
Added Pin To Net: NetName=LCD_DE Pin=J2-46
Added Pin To Net: NetName=LCD_DE Pin=U1-B8
Added Net: Name=LCD_DE
Added Pin To Net: NetName=LCD_HSYNC Pin=J2-44
Added Pin To Net: NetName=LCD_HSYNC Pin=U1-D9
Added Net: Name=LCD_HSYNC
Added Pin To Net: NetName=LCD_PCLK Pin=J2-45
Added Pin To Net: NetName=LCD_PCLK Pin=R49-1
Added Net: Name=LCD_PCLK
Added Pin To Net: NetName=LCD_VSYNC Pin=J2-43
Added Pin To Net: NetName=LCD_VSYNC Pin=U1-C9
Added Net: Name=LCD_VSYNC
Added Pin To Net: NetName=NAND_ALE Pin=R44-2
Added Pin To Net: NetName=NAND_ALE Pin=U1-B4
Added Pin To Net: NetName=NAND_ALE Pin=U3-K5
Added Pin To Net: NetName=NAND_ALE Pin=U4-17
Added Net: Name=NAND_ALE
Added Pin To Net: NetName=NAND_CE1N Pin=R45-1
Added Pin To Net: NetName=NAND_CE1N Pin=R46-1
Added Pin To Net: NetName=NAND_CE1N Pin=R47-1
Added Pin To Net: NetName=NAND_CE1N Pin=R48-1
Added Pin To Net: NetName=NAND_CE1N Pin=U1-B5
Added Pin To Net: NetName=NAND_CE1N Pin=U1-C5
Added Pin To Net: NetName=NAND_CE1N Pin=U4-4
Added Pin To Net: NetName=NAND_CE1N Pin=U4-5
Added Pin To Net: NetName=NAND_CE1N Pin=U4-6
Added Pin To Net: NetName=NAND_CE1N Pin=U4-7
Added Pin To Net: NetName=NAND_CE1N Pin=U4-9
Added Pin To Net: NetName=NAND_CE1N Pin=U4-10
Added Net: Name=NAND_CE1N
Added Pin To Net: NetName=NAND_CLE Pin=U1-A4
Added Pin To Net: NetName=NAND_CLE Pin=U4-16
Added Net: Name=NAND_CLE
Added Pin To Net: NetName=NAND_DATA0 Pin=R40-1
Added Pin To Net: NetName=NAND_DATA0 Pin=U1-D7
Added Pin To Net: NetName=NAND_DATA0 Pin=U3-A3
Added Pin To Net: NetName=NAND_DATA0 Pin=U4-29
Added Net: Name=NAND_DATA0
Added Pin To Net: NetName=NAND_DATA1 Pin=U1-B7
Added Pin To Net: NetName=NAND_DATA1 Pin=U3-A4
Added Pin To Net: NetName=NAND_DATA1 Pin=U4-30
Added Net: Name=NAND_DATA1
Added Pin To Net: NetName=NAND_DATA2 Pin=U1-A7
Added Pin To Net: NetName=NAND_DATA2 Pin=U3-A5
Added Pin To Net: NetName=NAND_DATA2 Pin=U4-31
Added Net: Name=NAND_DATA2
Added Pin To Net: NetName=NAND_DATA3 Pin=U1-D6
Added Pin To Net: NetName=NAND_DATA3 Pin=U3-B2
Added Pin To Net: NetName=NAND_DATA3 Pin=U4-32
Added Net: Name=NAND_DATA3
Added Pin To Net: NetName=NAND_DATA4 Pin=U1-C6
Added Pin To Net: NetName=NAND_DATA4 Pin=U3-B3
Added Pin To Net: NetName=NAND_DATA4 Pin=U4-41
Added Net: Name=NAND_DATA4
Added Pin To Net: NetName=NAND_DATA5 Pin=U1-B6
Added Pin To Net: NetName=NAND_DATA5 Pin=U3-B4
Added Pin To Net: NetName=NAND_DATA5 Pin=U4-42
Added Net: Name=NAND_DATA5
Added Pin To Net: NetName=NAND_DATA6 Pin=U1-A6
Added Pin To Net: NetName=NAND_DATA6 Pin=U3-B5
Added Pin To Net: NetName=NAND_DATA6 Pin=U4-43
Added Net: Name=NAND_DATA6
Added Pin To Net: NetName=NAND_DATA7 Pin=U1-A5
Added Pin To Net: NetName=NAND_DATA7 Pin=U3-B6
Added Pin To Net: NetName=NAND_DATA7 Pin=U4-44
Added Net: Name=NAND_DATA7
Added Pin To Net: NetName=NAND_DQS Pin=R43-2
Added Pin To Net: NetName=NAND_DQS Pin=U4-35
Added Net: Name=NAND_DQS
Added Pin To Net: NetName=NAND_nREADY Pin=R45-2
Added Pin To Net: NetName=NAND_nREADY Pin=U1-A3
Added Net: Name=NAND_nREADY
Added Pin To Net: NetName=NAND_nRE Pin=R41-2
Added Pin To Net: NetName=NAND_nRE Pin=U3-M6
Added Pin To Net: NetName=NAND_nRE Pin=U4-8
Added Net: Name=NAND_nRE
Added Pin To Net: NetName=NAND_nWE Pin=R39-1
Added Pin To Net: NetName=NAND_nWE Pin=R42-2
Added Pin To Net: NetName=NAND_nWE Pin=U3-M5
Added Pin To Net: NetName=NAND_nWE Pin=U4-18
Added Net: Name=NAND_nWE
Added Pin To Net: NetName=NAND_nWP Pin=U1-D5
Added Pin To Net: NetName=NAND_nWP Pin=U4-19
Added Net: Name=NAND_nWP
Added Pin To Net: NetName=NetC2_2 Pin=C2-2
Added Pin To Net: NetName=NetC2_2 Pin=U1-T11
Added Pin To Net: NetName=NetC2_2 Pin=Y1-2
Added Net: Name=NetC2_2
Added Pin To Net: NetName=NetC3_2 Pin=C3-2
Added Pin To Net: NetName=NetC3_2 Pin=U1-U11
Added Pin To Net: NetName=NetC3_2 Pin=Y1-1
Added Net: Name=NetC3_2
Added Pin To Net: NetName=NetC12_1 Pin=C12-1
Added Pin To Net: NetName=NetC12_1 Pin=R35-2
Added Pin To Net: NetName=NetC12_1 Pin=U2-3
Added Net: Name=NetC12_1
Added Pin To Net: NetName=NetC29_2 Pin=C29-2
Added Pin To Net: NetName=NetC29_2 Pin=C30-2
Added Pin To Net: NetName=NetC29_2 Pin=U1-P13
Added Net: Name=NetC29_2
Added Pin To Net: NetName=NetC32_2 Pin=C32-2
Added Pin To Net: NetName=NetC32_2 Pin=U1-N12
Added Net: Name=NetC32_2
Added Pin To Net: NetName=NetC55_1 Pin=C55-1
Added Pin To Net: NetName=NetC55_1 Pin=C57-2
Added Net: Name=NetC55_1
Added Pin To Net: NetName=NetC81_2 Pin=C81-2
Added Pin To Net: NetName=NetC81_2 Pin=C82-2
Added Pin To Net: NetName=NetC81_2 Pin=L1-1
Added Pin To Net: NetName=NetC81_2 Pin=R62-1
Added Pin To Net: NetName=NetC81_2 Pin=R63-2
Added Pin To Net: NetName=NetC81_2 Pin=R64-2
Added Pin To Net: NetName=NetC81_2 Pin=R65-2
Added Pin To Net: NetName=NetC81_2 Pin=R66-2
Added Pin To Net: NetName=NetC81_2 Pin=TP4-1
Added Pin To Net: NetName=NetC81_2 Pin=U7-5
Added Net: Name=NetC81_2
Added Pin To Net: NetName=NetC89_2 Pin=C89-2
Added Pin To Net: NetName=NetC89_2 Pin=R67-2
Added Pin To Net: NetName=NetC89_2 Pin=U7-8
Added Net: Name=NetC89_2
Added Pin To Net: NetName=NetC92_1 Pin=C92-1
Added Pin To Net: NetName=NetC92_1 Pin=C93-1
Added Pin To Net: NetName=NetC92_1 Pin=L2-1
Added Pin To Net: NetName=NetC92_1 Pin=R68-1
Added Pin To Net: NetName=NetC92_1 Pin=R73-2
Added Pin To Net: NetName=NetC92_1 Pin=R74-2
Added Pin To Net: NetName=NetC92_1 Pin=TP6-1
Added Pin To Net: NetName=NetC92_1 Pin=U10-5
Added Net: Name=NetC92_1
Added Pin To Net: NetName=NetC94_1 Pin=C94-1
Added Pin To Net: NetName=NetC94_1 Pin=R75-2
Added Pin To Net: NetName=NetC94_1 Pin=U10-8
Added Pin To Net: NetName=NetC94_1 Pin=U11-2
Added Net: Name=NetC94_1
Added Pin To Net: NetName=NetC102_2 Pin=C102-2
Added Pin To Net: NetName=NetC102_2 Pin=D3-2
Added Pin To Net: NetName=NetC102_2 Pin=R83-1
Added Net: Name=NetC102_2
Added Pin To Net: NetName=NetC103_2 Pin=C103-2
Added Pin To Net: NetName=NetC103_2 Pin=D4-2
Added Pin To Net: NetName=NetC103_2 Pin=R86-1
Added Net: Name=NetC103_2
Added Pin To Net: NetName=NetC106_1 Pin=C106-1
Added Pin To Net: NetName=NetC106_1 Pin=C107-1
Added Pin To Net: NetName=NetC106_1 Pin=L3-1
Added Pin To Net: NetName=NetC106_1 Pin=R88-1
Added Pin To Net: NetName=NetC106_1 Pin=R89-2
Added Pin To Net: NetName=NetC106_1 Pin=R90-2
Added Pin To Net: NetName=NetC106_1 Pin=TP8-1
Added Pin To Net: NetName=NetC106_1 Pin=U13-5
Added Net: Name=NetC106_1
Added Pin To Net: NetName=NetC108_2 Pin=C108-2
Added Pin To Net: NetName=NetC108_2 Pin=R91-2
Added Pin To Net: NetName=NetC108_2 Pin=U13-8
Added Net: Name=NetC108_2
Added Pin To Net: NetName=NetD3_1 Pin=D3-1
Added Pin To Net: NetName=NetD3_1 Pin=D4-1
Added Pin To Net: NetName=NetD3_1 Pin=U11-3
Added Net: Name=NetD3_1
Added Pin To Net: NetName=NetL1_2 Pin=L1-2
Added Pin To Net: NetName=NetL1_2 Pin=U7-3
Added Net: Name=NetL1_2
Added Pin To Net: NetName=NetL2_2 Pin=L2-2
Added Pin To Net: NetName=NetL2_2 Pin=U10-3
Added Net: Name=NetL2_2
Added Pin To Net: NetName=NetL3_2 Pin=L3-2
Added Pin To Net: NetName=NetL3_2 Pin=U13-3
Added Net: Name=NetL3_2
Added Pin To Net: NetName=NetLED1_1 Pin=LED1-1
Added Pin To Net: NetName=NetLED1_1 Pin=R69-2
Added Net: Name=NetLED1_1
Added Pin To Net: NetName=NetQ1_1 Pin=Q1-1
Added Pin To Net: NetName=NetQ1_1 Pin=Q3-1
Added Pin To Net: NetName=NetQ1_1 Pin=R63-1
Added Pin To Net: NetName=NetQ1_1 Pin=R70-2
Added Pin To Net: NetName=NetQ1_1 Pin=U7-7
Added Net: Name=NetQ1_1
Added Pin To Net: NetName=NetQ1_3 Pin=Q1-3
Added Pin To Net: NetName=NetQ1_3 Pin=R64-1
Added Net: Name=NetQ1_3
Added Pin To Net: NetName=NetQ2_3 Pin=Q2-3
Added Pin To Net: NetName=NetQ2_3 Pin=R66-1
Added Net: Name=NetQ2_3
Added Pin To Net: NetName=NetQ3_3 Pin=Q3-3
Added Pin To Net: NetName=NetQ3_3 Pin=R65-1
Added Net: Name=NetQ3_3
Added Pin To Net: NetName=NetQ4_3 Pin=Q4-3
Added Pin To Net: NetName=NetQ4_3 Pin=R74-1
Added Net: Name=NetQ4_3
Added Pin To Net: NetName=NetQ5_3 Pin=Q5-3
Added Pin To Net: NetName=NetQ5_3 Pin=R76-1
Added Pin To Net: NetName=NetQ5_3 Pin=R77-1
Added Net: Name=NetQ5_3
Added Pin To Net: NetName=NetQ6_1 Pin=Q6-1
Added Pin To Net: NetName=NetQ6_1 Pin=R81-1
Added Pin To Net: NetName=NetQ6_1 Pin=R84-2
Added Pin To Net: NetName=NetQ6_1 Pin=U12-4
Added Net: Name=NetQ6_1
Added Pin To Net: NetName=NetQ6_3 Pin=Q6-3
Added Pin To Net: NetName=NetQ6_3 Pin=R82-1
Added Net: Name=NetQ6_3
Added Pin To Net: NetName=NetQ7_3 Pin=Q7-3
Added Pin To Net: NetName=NetQ7_3 Pin=R90-1
Added Net: Name=NetQ7_3
Added Pin To Net: NetName=NetR32_2 Pin=R32-2
Added Pin To Net: NetName=NetR32_2 Pin=U1-C1
Added Net: Name=NetR32_2
Added Pin To Net: NetName=NetR37_1 Pin=R37-1
Added Pin To Net: NetName=NetR37_1 Pin=U2-2
Added Net: Name=NetR37_1
Added Pin To Net: NetName=NetR41_1 Pin=R41-1
Added Pin To Net: NetName=NetR41_1 Pin=U1-D8
Added Net: Name=NetR41_1
Added Pin To Net: NetName=NetR42_1 Pin=R42-1
Added Pin To Net: NetName=NetR42_1 Pin=U1-C8
Added Net: Name=NetR42_1
Added Pin To Net: NetName=NetR43_1 Pin=R43-1
Added Pin To Net: NetName=NetR43_1 Pin=U1-E6
Added Net: Name=NetR43_1
Added Pin To Net: NetName=NetR49_2 Pin=R49-2
Added Pin To Net: NetName=NetR49_2 Pin=U1-A8
Added Net: Name=NetR49_2
Added Pin To Net: NetName=NetR50_1 Pin=R50-1
Added Pin To Net: NetName=NetR50_1 Pin=U1-F14
Added Net: Name=NetR50_1
Added Pin To Net: NetName=NetR51_2 Pin=R51-2
Added Pin To Net: NetName=NetR51_2 Pin=U1-E9
Added Net: Name=NetR51_2
Added Pin To Net: NetName=NetR52_1 Pin=R52-1
Added Pin To Net: NetName=NetR52_1 Pin=U1-D17
Added Net: Name=NetR52_1
Added Pin To Net: NetName=NetR73_1 Pin=R73-1
Added Pin To Net: NetName=NetR73_1 Pin=R78-2
Added Pin To Net: NetName=NetR73_1 Pin=U10-7
Added Net: Name=NetR73_1
Added Pin To Net: NetName=NetR79_1 Pin=R79-1
Added Pin To Net: NetName=NetR79_1 Pin=U10-1
Added Net: Name=NetR79_1
Added Pin To Net: NetName=NetR89_1 Pin=R89-1
Added Pin To Net: NetName=NetR89_1 Pin=R92-2
Added Pin To Net: NetName=NetR89_1 Pin=U13-7
Added Net: Name=NetR89_1
Added Pin To Net: NetName=nUSB_OTG_CHD Pin=J1-52
Added Pin To Net: NetName=nUSB_OTG_CHD Pin=U1-U16
Added Net: Name=nUSB_OTG_CHD
Added Pin To Net: NetName=NVCC_3V3 Pin=C1-1
Added Pin To Net: NetName=NVCC_3V3 Pin=C10-2
Added Pin To Net: NetName=NVCC_3V3 Pin=C33-2
Added Pin To Net: NetName=NVCC_3V3 Pin=C34-2
Added Pin To Net: NetName=NVCC_3V3 Pin=C35-2
Added Pin To Net: NetName=NVCC_3V3 Pin=C36-2
Added Pin To Net: NetName=NVCC_3V3 Pin=C37-2
Added Pin To Net: NetName=NVCC_3V3 Pin=C38-2
Added Pin To Net: NetName=NVCC_3V3 Pin=C39-2
Added Pin To Net: NetName=NVCC_3V3 Pin=C40-1
Added Pin To Net: NetName=NVCC_3V3 Pin=C44-2
Added Pin To Net: NetName=NVCC_3V3 Pin=C45-2
Added Pin To Net: NetName=NVCC_3V3 Pin=C46-2
Added Pin To Net: NetName=NVCC_3V3 Pin=C47-2
Added Pin To Net: NetName=NVCC_3V3 Pin=C48-1
Added Pin To Net: NetName=NVCC_3V3 Pin=C49-1
Added Pin To Net: NetName=NVCC_3V3 Pin=C50-2
Added Pin To Net: NetName=NVCC_3V3 Pin=R1-1
Added Pin To Net: NetName=NVCC_3V3 Pin=R2-1
Added Pin To Net: NetName=NVCC_3V3 Pin=R3-1
Added Pin To Net: NetName=NVCC_3V3 Pin=R4-1
Added Pin To Net: NetName=NVCC_3V3 Pin=R35-1
Added Pin To Net: NetName=NVCC_3V3 Pin=R39-2
Added Pin To Net: NetName=NVCC_3V3 Pin=R40-2
Added Pin To Net: NetName=NVCC_3V3 Pin=R46-2
Added Pin To Net: NetName=NVCC_3V3 Pin=R47-2
Added Pin To Net: NetName=NVCC_3V3 Pin=R48-2
Added Pin To Net: NetName=NVCC_3V3 Pin=R68-2
Added Pin To Net: NetName=NVCC_3V3 Pin=R69-1
Added Pin To Net: NetName=NVCC_3V3 Pin=R80-1
Added Pin To Net: NetName=NVCC_3V3 Pin=R87-1
Added Pin To Net: NetName=NVCC_3V3 Pin=U1-E7
Added Pin To Net: NetName=NVCC_3V3 Pin=U1-E13
Added Pin To Net: NetName=NVCC_3V3 Pin=U1-F13
Added Pin To Net: NetName=NVCC_3V3 Pin=U1-H13
Added Pin To Net: NetName=NVCC_3V3 Pin=U1-J13
Added Pin To Net: NetName=NVCC_3V3 Pin=U1-L13
Added Pin To Net: NetName=NVCC_3V3 Pin=U1-M13
Added Pin To Net: NetName=NVCC_3V3 Pin=U3-C6
Added Pin To Net: NetName=NVCC_3V3 Pin=U3-E6
Added Pin To Net: NetName=NVCC_3V3 Pin=U3-F5
Added Pin To Net: NetName=NVCC_3V3 Pin=U3-J10
Added Pin To Net: NetName=NVCC_3V3 Pin=U3-K9
Added Pin To Net: NetName=NVCC_3V3 Pin=U3-M4
Added Pin To Net: NetName=NVCC_3V3 Pin=U3-N4
Added Pin To Net: NetName=NVCC_3V3 Pin=U3-P3
Added Pin To Net: NetName=NVCC_3V3 Pin=U3-P5
Added Pin To Net: NetName=NVCC_3V3 Pin=U4-12
Added Pin To Net: NetName=NVCC_3V3 Pin=U4-34
Added Pin To Net: NetName=NVCC_3V3 Pin=U4-37
Added Pin To Net: NetName=NVCC_3V3 Pin=U4-39
Added Net: Name=NVCC_3V3
Added Pin To Net: NetName=NVCC_CSI Pin=C43-1
Added Pin To Net: NetName=NVCC_CSI Pin=C84-2
Added Pin To Net: NetName=NVCC_CSI Pin=TP5-1
Added Pin To Net: NetName=NVCC_CSI Pin=U1-F4
Added Pin To Net: NetName=NVCC_CSI Pin=U8-1
Added Net: Name=NVCC_CSI
Added Pin To Net: NetName=NVCC_SD Pin=C8-2
Added Pin To Net: NetName=NVCC_SD Pin=C97-2
Added Pin To Net: NetName=NVCC_SD Pin=C98-2
Added Pin To Net: NetName=NVCC_SD Pin=R33-1
Added Pin To Net: NetName=NVCC_SD Pin=R34-1
Added Pin To Net: NetName=NVCC_SD Pin=R81-2
Added Pin To Net: NetName=NVCC_SD Pin=R82-2
Added Pin To Net: NetName=NVCC_SD Pin=TP7-1
Added Pin To Net: NetName=NVCC_SD Pin=U1-C4
Added Pin To Net: NetName=NVCC_SD Pin=U12-5
Added Net: Name=NVCC_SD
Added Pin To Net: NetName=nWDOG Pin=C103-1
Added Pin To Net: NetName=nWDOG Pin=R51-1
Added Net: Name=nWDOG
Added Pin To Net: NetName=ONOFF Pin=J1-4
Added Pin To Net: NetName=ONOFF Pin=U1-R8
Added Net: Name=ONOFF
Added Pin To Net: NetName=PERI_PWREN Pin=J1-12
Added Pin To Net: NetName=PERI_PWREN Pin=U1-P11
Added Net: Name=PERI_PWREN
Added Pin To Net: NetName=PMIC_ON_REQ Pin=J2-41
Added Pin To Net: NetName=PMIC_ON_REQ Pin=Q5-2
Added Pin To Net: NetName=PMIC_ON_REQ Pin=R75-1
Added Pin To Net: NetName=PMIC_ON_REQ Pin=U1-T9
Added Net: Name=PMIC_ON_REQ
Added Pin To Net: NetName=PMIC_STBY_REQ Pin=Q1-2
Added Pin To Net: NetName=PMIC_STBY_REQ Pin=R71-2
Added Pin To Net: NetName=PMIC_STBY_REQ Pin=U1-U9
Added Net: Name=PMIC_STBY_REQ
Added Pin To Net: NetName=POR_B Pin=C13-2
Added Pin To Net: NetName=POR_B Pin=R30-2
Added Pin To Net: NetName=POR_B Pin=R37-2
Added Pin To Net: NetName=POR_B Pin=U1-P8
Added Net: Name=POR_B
Added Pin To Net: NetName=RESET Pin=J2-40
Added Pin To Net: NetName=RESET Pin=R83-2
Added Net: Name=RESET
Added Pin To Net: NetName=SD1_CD Pin=J1-43
Added Pin To Net: NetName=SD1_CD Pin=U1-J14
Added Net: Name=SD1_CD
Added Pin To Net: NetName=SD1_CLK Pin=C9-1
Added Pin To Net: NetName=SD1_CLK Pin=J2-54
Added Pin To Net: NetName=SD1_CLK Pin=R32-1
Added Net: Name=SD1_CLK
Added Pin To Net: NetName=SD1_CMD Pin=J2-53
Added Pin To Net: NetName=SD1_CMD Pin=R33-2
Added Pin To Net: NetName=SD1_CMD Pin=U1-C2
Added Net: Name=SD1_CMD
Added Pin To Net: NetName=SD1_DATA0 Pin=J2-49
Added Pin To Net: NetName=SD1_DATA0 Pin=R34-2
Added Pin To Net: NetName=SD1_DATA0 Pin=U1-B3
Added Net: Name=SD1_DATA0
Added Pin To Net: NetName=SD1_DATA1 Pin=J2-50
Added Pin To Net: NetName=SD1_DATA1 Pin=U1-B2
Added Net: Name=SD1_DATA1
Added Pin To Net: NetName=SD1_DATA2 Pin=J2-52
Added Pin To Net: NetName=SD1_DATA2 Pin=U1-B1
Added Net: Name=SD1_DATA2
Added Pin To Net: NetName=SD1_DATA3 Pin=J2-51
Added Pin To Net: NetName=SD1_DATA3 Pin=U1-A2
Added Net: Name=SD1_DATA3
Added Pin To Net: NetName=UART1_RXD Pin=J1-46
Added Pin To Net: NetName=UART1_RXD Pin=U1-K16
Added Net: Name=UART1_RXD
Added Pin To Net: NetName=UART1_TXD Pin=J1-50
Added Pin To Net: NetName=UART1_TXD Pin=U1-K14
Added Net: Name=UART1_TXD
Added Pin To Net: NetName=UART2_CTS_BB Pin=J1-38
Added Pin To Net: NetName=UART2_CTS_BB Pin=U1-H17
Added Net: Name=UART2_CTS_BB
Added Pin To Net: NetName=UART2_RTS_BB Pin=J1-37
Added Pin To Net: NetName=UART2_RTS_BB Pin=U1-H16
Added Net: Name=UART2_RTS_BB
Added Pin To Net: NetName=USB_OTG1_DN Pin=J1-53
Added Pin To Net: NetName=USB_OTG1_DN Pin=U1-T15
Added Net: Name=USB_OTG1_DN
Added Pin To Net: NetName=USB_OTG1_DP Pin=J1-54
Added Pin To Net: NetName=USB_OTG1_DP Pin=U1-U15
Added Net: Name=USB_OTG1_DP
Added Pin To Net: NetName=USB_OTG1_VBUS Pin=C4-2
Added Pin To Net: NetName=USB_OTG1_VBUS Pin=J1-57
Added Pin To Net: NetName=USB_OTG1_VBUS Pin=U1-T12
Added Net: Name=USB_OTG1_VBUS
Added Pin To Net: NetName=USB_OTG2_DN Pin=J1-55
Added Pin To Net: NetName=USB_OTG2_DN Pin=U1-T13
Added Net: Name=USB_OTG2_DN
Added Pin To Net: NetName=USB_OTG2_DP Pin=J1-56
Added Pin To Net: NetName=USB_OTG2_DP Pin=U1-U13
Added Net: Name=USB_OTG2_DP
Added Pin To Net: NetName=USB_OTG2_VBUS Pin=C7-2
Added Pin To Net: NetName=USB_OTG2_VBUS Pin=J1-58
Added Pin To Net: NetName=USB_OTG2_VBUS Pin=U1-U12
Added Net: Name=USB_OTG2_VBUS
Added Pin To Net: NetName=VDD_ARM_CAP Pin=C15-2
Added Pin To Net: NetName=VDD_ARM_CAP Pin=C16-2
Added Pin To Net: NetName=VDD_ARM_CAP Pin=C17-2
Added Pin To Net: NetName=VDD_ARM_CAP Pin=U1-G9
Added Pin To Net: NetName=VDD_ARM_CAP Pin=U1-G10
Added Pin To Net: NetName=VDD_ARM_CAP Pin=U1-G11
Added Pin To Net: NetName=VDD_ARM_CAP Pin=U1-H11
Added Net: Name=VDD_ARM_CAP
Added Pin To Net: NetName=VDD_ARM_SOC_IN Pin=C18-2
Added Pin To Net: NetName=VDD_ARM_SOC_IN Pin=C19-2
Added Pin To Net: NetName=VDD_ARM_SOC_IN Pin=C20-2
Added Pin To Net: NetName=VDD_ARM_SOC_IN Pin=R62-2
Added Pin To Net: NetName=VDD_ARM_SOC_IN Pin=U1-H9
Added Pin To Net: NetName=VDD_ARM_SOC_IN Pin=U1-H10
Added Pin To Net: NetName=VDD_ARM_SOC_IN Pin=U1-J9
Added Pin To Net: NetName=VDD_ARM_SOC_IN Pin=U1-J10
Added Pin To Net: NetName=VDD_ARM_SOC_IN Pin=U1-K9
Added Pin To Net: NetName=VDD_ARM_SOC_IN Pin=U1-K10
Added Net: Name=VDD_ARM_SOC_IN
Added Pin To Net: NetName=VDD_COIN_3V Pin=D2-1
Added Pin To Net: NetName=VDD_COIN_3V Pin=J2-42
Added Pin To Net: NetName=VDD_COIN_3V Pin=R38-1
Added Net: Name=VDD_COIN_3V
Added Pin To Net: NetName=VDD_HIGH_CAP Pin=C27-2
Added Pin To Net: NetName=VDD_HIGH_CAP Pin=C28-2
Added Pin To Net: NetName=VDD_HIGH_CAP Pin=C58-2
Added Pin To Net: NetName=VDD_HIGH_CAP Pin=U1-N6
Added Pin To Net: NetName=VDD_HIGH_CAP Pin=U1-R14
Added Pin To Net: NetName=VDD_HIGH_CAP Pin=U1-R15
Added Net: Name=VDD_HIGH_CAP
Added Pin To Net: NetName=VDD_HIGH_IN Pin=C25-2
Added Pin To Net: NetName=VDD_HIGH_IN Pin=C26-2
Added Pin To Net: NetName=VDD_HIGH_IN Pin=R87-2
Added Pin To Net: NetName=VDD_HIGH_IN Pin=U1-N13
Added Net: Name=VDD_HIGH_IN
Added Pin To Net: NetName=VDD_SNVS_3V3 Pin=C87-2
Added Pin To Net: NetName=VDD_SNVS_3V3 Pin=C88-2
Added Pin To Net: NetName=VDD_SNVS_3V3 Pin=C99-2
Added Pin To Net: NetName=VDD_SNVS_3V3 Pin=D1-1
Added Pin To Net: NetName=VDD_SNVS_3V3 Pin=R76-2
Added Pin To Net: NetName=VDD_SNVS_3V3 Pin=TP3-1
Added Pin To Net: NetName=VDD_SNVS_3V3 Pin=U9-1
Added Pin To Net: NetName=VDD_SNVS_3V3 Pin=U11-4
Added Net: Name=VDD_SNVS_3V3
Added Pin To Net: NetName=VDD_SNVS_IN Pin=C31-2
Added Pin To Net: NetName=VDD_SNVS_IN Pin=D1-2
Added Pin To Net: NetName=VDD_SNVS_IN Pin=D2-2
Added Pin To Net: NetName=VDD_SNVS_IN Pin=R30-1
Added Pin To Net: NetName=VDD_SNVS_IN Pin=R38-2
Added Pin To Net: NetName=VDD_SNVS_IN Pin=U1-P12
Added Net: Name=VDD_SNVS_IN
Added Pin To Net: NetName=VDD_SOC_CAP Pin=C21-2
Added Pin To Net: NetName=VDD_SOC_CAP Pin=C22-2
Added Pin To Net: NetName=VDD_SOC_CAP Pin=C23-2
Added Pin To Net: NetName=VDD_SOC_CAP Pin=C24-2
Added Pin To Net: NetName=VDD_SOC_CAP Pin=U1-G8
Added Pin To Net: NetName=VDD_SOC_CAP Pin=U1-H8
Added Pin To Net: NetName=VDD_SOC_CAP Pin=U1-J8
Added Pin To Net: NetName=VDD_SOC_CAP Pin=U1-J11
Added Pin To Net: NetName=VDD_SOC_CAP Pin=U1-K8
Added Pin To Net: NetName=VDD_SOC_CAP Pin=U1-K11
Added Pin To Net: NetName=VDD_SOC_CAP Pin=U1-L8
Added Pin To Net: NetName=VDD_SOC_CAP Pin=U1-L9
Added Pin To Net: NetName=VDD_SOC_CAP Pin=U1-L10
Added Pin To Net: NetName=VDD_SOC_CAP Pin=U1-L11
Added Net: Name=VDD_SOC_CAP
Added Pin To Net: NetName=VDDUSB Pin=C5-2
Added Pin To Net: NetName=VDDUSB Pin=C6-2
Added Pin To Net: NetName=VDDUSB Pin=U1-R12
Added Net: Name=VDDUSB
Added Pin To Net: NetName=XTALI Pin=C11-2
Added Pin To Net: NetName=XTALI Pin=R36-2
Added Pin To Net: NetName=XTALI Pin=U1-T16
Added Pin To Net: NetName=XTALI Pin=Y2-3
Added Net: Name=XTALI
Added Pin To Net: NetName=XTALO Pin=C14-1
Added Pin To Net: NetName=XTALO Pin=R36-1
Added Pin To Net: NetName=XTALO Pin=U1-T17
Added Pin To Net: NetName=XTALO Pin=Y2-1
Added Net: Name=XTALO
Added Pin To Net: NetName=ZQPAD Pin=R61-2
Added Pin To Net: NetName=ZQPAD Pin=U1-N4
Added Net: Name=ZQPAD
Added Class: Name=Sheet1
Added Class: Name=Sheet2
Added Class: Name=Sheet3
Added Class: Name=Sheet4
Added Class: Name=Sheet5
Added Class: Name=Sheet6
Added Class: Name=Sheet7
Added Class: Name=Sheet8
Added Room: Name=Sheet1
Added Room: Name=Sheet2
Added Room: Name=Sheet3
Added Room: Name=Sheet4
Added Room: Name=Sheet5
Added Room: Name=Sheet6
Added Room: Name=Sheet7
Added Room: Name=Sheet8
