Removed Pin From Net: NetName=XTALI Pin=U1-T16
Removed Pin From Net: NetName=XTALO Pin=U1-T17
Removed Pin From Net: NetName=GND Pin=U3-A1
Removed Pin From Net: NetName=GND Pin=U3-A17
Removed Pin From Net: NetName=GND Pin=U3-C3
Removed Pin From Net: NetName=GND Pin=U3-C7
Removed Pin From Net: NetName=GND Pin=U3-C11
Removed Pin From Net: NetName=GND Pin=U3-C15
Removed Pin From Net: NetName=GND Pin=U3-E8
Removed Pin From Net: NetName=GND Pin=U3-E11
Removed Pin From Net: NetName=GND Pin=U3-F6
Removed Pin From Net: NetName=GND Pin=U3-F7
Removed Pin From Net: NetName=GND Pin=U3-F8
Removed Pin From Net: NetName=GND Pin=U3-F9
Removed Pin From Net: NetName=GND Pin=U3-F10
Removed Pin From Net: NetName=GND Pin=U3-F11
Removed Pin From Net: NetName=GND Pin=U3-F12
Removed Pin From Net: NetName=GND Pin=U3-G3
Removed Pin From Net: NetName=GND Pin=U3-G5
Removed Pin From Net: NetName=GND Pin=U3-G7
Removed Pin From Net: NetName=VDD_SOC_CAP Pin=U3-G8
Removed Pin From Net: NetName=VDD_ARM_CAP Pin=U3-G9
Removed Pin From Net: NetName=VDD_ARM_CAP Pin=U3-G10
Removed Pin From Net: NetName=VDD_ARM_CAP Pin=U3-G11
Removed Pin From Net: NetName=GND Pin=U3-G12
Removed Pin From Net: NetName=GND Pin=U3-G15
Removed Pin From Net: NetName=GND Pin=U3-H7
Removed Pin From Net: NetName=VDD_SOC_CAP Pin=U3-H8
Removed Pin From Net: NetName=VDD_ARM_SOC_IN Pin=U3-H9
Removed Pin From Net: NetName=VDD_ARM_SOC_IN Pin=U3-H10
Removed Pin From Net: NetName=VDD_ARM_CAP Pin=U3-H11
Removed Pin From Net: NetName=GND Pin=U3-H12
Removed Pin From Net: NetName=GND Pin=U3-J5
Removed Pin From Net: NetName=GND Pin=U3-J7
Removed Pin From Net: NetName=VDD_SOC_CAP Pin=U3-J8
Removed Pin From Net: NetName=VDD_ARM_SOC_IN Pin=U3-J9
Removed Pin From Net: NetName=VDD_ARM_SOC_IN Pin=U3-J10
Removed Pin From Net: NetName=VDD_SOC_CAP Pin=U3-J11
Removed Pin From Net: NetName=GND Pin=U3-J12
Removed Pin From Net: NetName=GND Pin=U3-K7
Removed Pin From Net: NetName=VDD_SOC_CAP Pin=U3-K8
Removed Pin From Net: NetName=VDD_ARM_SOC_IN Pin=U3-K9
Removed Pin From Net: NetName=VDD_ARM_SOC_IN Pin=U3-K10
Removed Pin From Net: NetName=VDD_SOC_CAP Pin=U3-K11
Removed Pin From Net: NetName=GND Pin=U3-K12
Removed Pin From Net: NetName=GND Pin=U3-L3
Removed Pin From Net: NetName=GND Pin=U3-L7
Removed Pin From Net: NetName=VDD_SOC_CAP Pin=U3-L8
Removed Pin From Net: NetName=VDD_SOC_CAP Pin=U3-L9
Removed Pin From Net: NetName=VDD_SOC_CAP Pin=U3-L10
Removed Pin From Net: NetName=VDD_SOC_CAP Pin=U3-L11
Removed Pin From Net: NetName=GND Pin=U3-L12
Removed Pin From Net: NetName=GND Pin=U3-M7
Removed Pin From Net: NetName=GND Pin=U3-M8
Removed Pin From Net: NetName=GND Pin=U3-M9
Removed Pin From Net: NetName=GND Pin=U3-M10
Removed Pin From Net: NetName=GND Pin=U3-M11
Removed Pin From Net: NetName=GND Pin=U3-M12
Removed Pin From Net: NetName=GND Pin=U3-N3
Removed Pin From Net: NetName=GND Pin=U3-N5
Removed Pin From Net: NetName=NetC32_2 Pin=U3-N12
Removed Pin From Net: NetName=VDD_HIGH_IN Pin=U3-N13
Removed Pin From Net: NetName=VDD_SNVS_IN Pin=U3-P12
Removed Pin From Net: NetName=NetC29_2 Pin=U3-P13
Removed Pin From Net: NetName=GND Pin=U3-R3
Removed Pin From Net: NetName=GND Pin=U3-R5
Removed Pin From Net: NetName=GND Pin=U3-R7
Removed Pin From Net: NetName=GND Pin=U3-R11
Removed Pin From Net: NetName=VDD_HIGH_CAP Pin=U3-R14
Removed Pin From Net: NetName=VDD_HIGH_CAP Pin=U3-R15
Removed Pin From Net: NetName=GND Pin=U3-R16
Removed Pin From Net: NetName=GND Pin=U3-R17
Removed Pin From Net: NetName=GND Pin=U3-T14
Removed Pin From Net: NetName=GND Pin=U3-U1
Removed Pin From Net: NetName=GND Pin=U3-U14
Removed Pin From Net: NetName=GND Pin=U3-U17
Removed Member From Class: ClassName=Sheet3 Member=U3
Added Pin To Net: NetName=GND Pin=U1-A1
Added Pin To Net: NetName=GND Pin=U1-A17
Added Pin To Net: NetName=GND Pin=U1-C3
Added Pin To Net: NetName=GND Pin=U1-C7
Added Pin To Net: NetName=GND Pin=U1-C11
Added Pin To Net: NetName=GND Pin=U1-C15
Added Pin To Net: NetName=GND Pin=U1-E8
Added Pin To Net: NetName=GND Pin=U1-E11
Added Pin To Net: NetName=GND Pin=U1-F6
Added Pin To Net: NetName=GND Pin=U1-F7
Added Pin To Net: NetName=GND Pin=U1-F8
Added Pin To Net: NetName=GND Pin=U1-F9
Added Pin To Net: NetName=GND Pin=U1-F10
Added Pin To Net: NetName=GND Pin=U1-F11
Added Pin To Net: NetName=GND Pin=U1-F12
Added Pin To Net: NetName=GND Pin=U1-G3
Added Pin To Net: NetName=GND Pin=U1-G5
Added Pin To Net: NetName=GND Pin=U1-G7
Added Pin To Net: NetName=VDD_SOC_CAP Pin=U1-G8
Added Pin To Net: NetName=VDD_ARM_CAP Pin=U1-G9
Added Pin To Net: NetName=VDD_ARM_CAP Pin=U1-G10
Added Pin To Net: NetName=VDD_ARM_CAP Pin=U1-G11
Added Pin To Net: NetName=GND Pin=U1-G12
Added Pin To Net: NetName=GND Pin=U1-G15
Added Pin To Net: NetName=GND Pin=U1-H7
Added Pin To Net: NetName=VDD_SOC_CAP Pin=U1-H8
Added Pin To Net: NetName=VDD_ARM_SOC_IN Pin=U1-H9
Added Pin To Net: NetName=VDD_ARM_SOC_IN Pin=U1-H10
Added Pin To Net: NetName=VDD_ARM_CAP Pin=U1-H11
Added Pin To Net: NetName=GND Pin=U1-H12
Added Pin To Net: NetName=GND Pin=U1-J5
Added Pin To Net: NetName=GND Pin=U1-J7
Added Pin To Net: NetName=VDD_SOC_CAP Pin=U1-J8
Added Pin To Net: NetName=VDD_ARM_SOC_IN Pin=U1-J9
Added Pin To Net: NetName=VDD_ARM_SOC_IN Pin=U1-J10
Added Pin To Net: NetName=VDD_SOC_CAP Pin=U1-J11
Added Pin To Net: NetName=GND Pin=U1-J12
Added Pin To Net: NetName=GND Pin=U1-K7
Added Pin To Net: NetName=VDD_SOC_CAP Pin=U1-K8
Added Pin To Net: NetName=VDD_ARM_SOC_IN Pin=U1-K9
Added Pin To Net: NetName=VDD_ARM_SOC_IN Pin=U1-K10
Added Pin To Net: NetName=VDD_SOC_CAP Pin=U1-K11
Added Pin To Net: NetName=GND Pin=U1-K12
Added Pin To Net: NetName=GND Pin=U1-L3
Added Pin To Net: NetName=GND Pin=U1-L7
Added Pin To Net: NetName=VDD_SOC_CAP Pin=U1-L8
Added Pin To Net: NetName=VDD_SOC_CAP Pin=U1-L9
Added Pin To Net: NetName=VDD_SOC_CAP Pin=U1-L10
Added Pin To Net: NetName=VDD_SOC_CAP Pin=U1-L11
Added Pin To Net: NetName=GND Pin=U1-L12
Added Pin To Net: NetName=GND Pin=U1-M7
Added Pin To Net: NetName=GND Pin=U1-M8
Added Pin To Net: NetName=GND Pin=U1-M9
Added Pin To Net: NetName=GND Pin=U1-M10
Added Pin To Net: NetName=GND Pin=U1-M11
Added Pin To Net: NetName=GND Pin=U1-M12
Added Pin To Net: NetName=GND Pin=U1-N3
Added Pin To Net: NetName=GND Pin=U1-N5
Added Pin To Net: NetName=NetC32_2 Pin=U1-N12
Added Pin To Net: NetName=VDD_HIGH_IN Pin=U1-N13
Added Pin To Net: NetName=VDD_SNVS_IN Pin=U1-P12
Added Pin To Net: NetName=NetC29_2 Pin=U1-P13
Added Pin To Net: NetName=GND Pin=U1-R3
Added Pin To Net: NetName=GND Pin=U1-R5
Added Pin To Net: NetName=GND Pin=U1-R7
Added Pin To Net: NetName=GND Pin=U1-R11
Added Pin To Net: NetName=VDD_HIGH_CAP Pin=U1-R14
Added Pin To Net: NetName=VDD_HIGH_CAP Pin=U1-R15
Added Pin To Net: NetName=GND Pin=U1-R16
Added Pin To Net: NetName=GND Pin=U1-R17
Added Pin To Net: NetName=GND Pin=U1-T14
Added Pin To Net: NetName=GND Pin=U1-U1
Added Pin To Net: NetName=GND Pin=U1-U14
Added Pin To Net: NetName=GND Pin=U1-U17
Added Member To Class: ClassName=Sheet3 Member=Component U1 MCIMX6Y2CVM05AB
Added Member To Class: ClassName=Sheet4 Member=Component U? MT29F4G08ABADAWP-IT
Added Member To Class: ClassName=Sheet4 Member=Component U? MCIMX6Y2CVM05AB
