Added Component: Designator=C1(C 0402)
Add component. Clean all parameters for all variants
Added Component: Designator=C2(C 0402)
Add component. Clean all parameters for all variants
Added Component: Designator=C3(C 0402)
Add component. Clean all parameters for all variants
Added Component: Designator=C4(C 0402)
Add component. Clean all parameters for all variants
Added Component: Designator=C5(C 0402)
Add component. Clean all parameters for all variants
Added Component: Designator=C6(C 0402)
Add component. Clean all parameters for all variants
Added Component: Designator=C7(C 0402)
Add component. Clean all parameters for all variants
Added Component: Designator=C8(C 0402)
Add component. Clean all parameters for all variants
Added Component: Designator=C9(C 0402)
Add component. Clean all parameters for all variants
Added Component: Designator=C10(C 0402)
Add component. Clean all parameters for all variants
Added Component: Designator=C11(C 0402)
Add component. Clean all parameters for all variants
Added Component: Designator=C12(C 0402)
Add component. Clean all parameters for all variants
Added Component: Designator=C13(C 0402)
Add component. Clean all parameters for all variants
Added Component: Designator=C14(C 0402)
Add component. Clean all parameters for all variants
Added Component: Designator=C15(C 0402)
Add component. Clean all parameters for all variants
Added Component: Designator=C16(C 0402)
Add component. Clean all parameters for all variants
Added Component: Designator=C17(C 0402)
Add component. Clean all parameters for all variants
Added Component: Designator=C18(C 0402)
Add component. Clean all parameters for all variants
Added Component: Designator=C19(C 0402)
Add component. Clean all parameters for all variants
Added Component: Designator=C20(C 0402)
Add component. Clean all parameters for all variants
Added Component: Designator=C21(C 0402)
Add component. Clean all parameters for all variants
Added Component: Designator=C22(C 0402)
Add component. Clean all parameters for all variants
Added Component: Designator=C23(C 0402)
Add component. Clean all parameters for all variants
Added Component: Designator=C24(C 0402)
Add component. Clean all parameters for all variants
Added Component: Designator=C25(C 0402)
Add component. Clean all parameters for all variants
Added Component: Designator=C26(C 0402)
Add component. Clean all parameters for all variants
Added Component: Designator=C27(C 0402)
Add component. Clean all parameters for all variants
Added Component: Designator=C28(C 0402)
Add component. Clean all parameters for all variants
Added Component: Designator=C29(C 0402)
Add component. Clean all parameters for all variants
Added Component: Designator=C30(C 0402)
Add component. Clean all parameters for all variants
Added Component: Designator=C31(C 0402)
Add component. Clean all parameters for all variants
Added Component: Designator=C32(C 0402)
Add component. Clean all parameters for all variants
Added Component: Designator=D1(SOD-523)
Add component. Clean all parameters for all variants
Added Component: Designator=D2(SOD-523)
Add component. Clean all parameters for all variants
Added Component: Designator=R1(R 0402)
Add component. Clean all parameters for all variants
Added Component: Designator=R2(R 0402)
Add component. Clean all parameters for all variants
Added Component: Designator=R3(R 0402)
Add component. Clean all parameters for all variants
Added Component: Designator=R4(R 0402)
Add component. Clean all parameters for all variants
Added Component: Designator=R5(R 0402)
Add component. Clean all parameters for all variants
Added Component: Designator=R6(R 0402)
Add component. Clean all parameters for all variants
Added Component: Designator=R7(R 0402)
Add component. Clean all parameters for all variants
Added Component: Designator=R8(R 0402)
Add component. Clean all parameters for all variants
Added Component: Designator=R9(R 0402)
Add component. Clean all parameters for all variants
Added Component: Designator=R10(R 0402)
Add component. Clean all parameters for all variants
Added Component: Designator=R11(R 0402)
Add component. Clean all parameters for all variants
Added Component: Designator=R12(R 0402)
Add component. Clean all parameters for all variants
Added Component: Designator=R13(R 0402)
Add component. Clean all parameters for all variants
Added Component: Designator=R14(R 0402)
Add component. Clean all parameters for all variants
Added Component: Designator=R15(R 0402)
Add component. Clean all parameters for all variants
Added Component: Designator=R16(R 0402)
Add component. Clean all parameters for all variants
Added Component: Designator=R17(R 0402)
Add component. Clean all parameters for all variants
Added Component: Designator=R18(R 0402)
Add component. Clean all parameters for all variants
Added Component: Designator=R19(R 0402)
Add component. Clean all parameters for all variants
Added Component: Designator=R20(R 0402)
Add component. Clean all parameters for all variants
Added Component: Designator=R21(R 0402)
Add component. Clean all parameters for all variants
Added Component: Designator=R22(R 0402)
Add component. Clean all parameters for all variants
Added Component: Designator=R23(R 0402)
Add component. Clean all parameters for all variants
Added Component: Designator=R24(R 0402)
Add component. Clean all parameters for all variants
Added Component: Designator=R25(R 0402)
Add component. Clean all parameters for all variants
Added Component: Designator=R26(R 0402)
Add component. Clean all parameters for all variants
Added Component: Designator=R27(R 0402)
Add component. Clean all parameters for all variants
Added Component: Designator=R28(R 0402)
Add component. Clean all parameters for all variants
Added Component: Designator=R29(R 0402)
Add component. Clean all parameters for all variants
Added Component: Designator=R30(R 0402)
Add component. Clean all parameters for all variants
Added Component: Designator=R31(R 0402)
Add component. Clean all parameters for all variants
Added Component: Designator=R32(R 0402)
Add component. Clean all parameters for all variants
Added Component: Designator=R33(R 0402)
Add component. Clean all parameters for all variants
Added Component: Designator=R34(R 0402)
Add component. Clean all parameters for all variants
Added Component: Designator=R35(R 0402)
Add component. Clean all parameters for all variants
Added Component: Designator=R36(R 0402)
Add component. Clean all parameters for all variants
Added Component: Designator=R37(R 0402)
Add component. Clean all parameters for all variants
Added Component: Designator=R38(R 0402)
Add component. Clean all parameters for all variants
Added Component: Designator=U1(BGA289C80P17X17_1400X1400X132)
Add component. Clean all parameters for all variants
Added Component: Designator=U2(SOT23-3L)
Add component. Clean all parameters for all variants
Added Component: Designator=U3(BGA289C80P17X17_1400X1400X132)
Add component. Clean all parameters for all variants
Added Component: Designator=U?(BGA169  EMMC)
Add component. Clean all parameters for all variants
Added Component: Designator=U?(TSOP48)
Add component. Clean all parameters for all variants
Added Component: Designator=U?(BGA289C80P17X17_1400X1400X132)
Add component. Clean all parameters for all variants
Added Component: Designator=Y1(XTAL-3215)
Add component. Clean all parameters for all variants
Add component (AddParameter): Name = "LatestRevisionDate"; Value = "17-Jul-2002"; VariantName = "[No Variations]"
Add component (AddParameter): Name = "LatestRevisionNote"; Value = "Re-released for DXP Platform."; VariantName = "[No Variations]"
Add component (AddParameter): Name = "Published"; Value = "8-Jun-2000"; VariantName = "[No Variations]"
Add component (AddParameter): Name = "Publisher"; Value = "Altium Limited"; VariantName = "[No Variations]"
Added Component: Designator=Y2(XTAL-3225)
Add component. Clean all parameters for all variants
Added Pin To Net: NetName=ACC_INT Pin=U1-R10
Added Net: Name=ACC_INT
Added Pin To Net: NetName=AUD_INT Pin=U1-P9
Added Net: Name=AUD_INT
Added Pin To Net: NetName=BOOT_MODE0 Pin=U1-T10
Added Net: Name=BOOT_MODE0
Added Pin To Net: NetName=BOOT_MODE1 Pin=U1-U10
Added Net: Name=BOOT_MODE1
Added Pin To Net: NetName=BT_DISABLE Pin=U1-R9
Added Net: Name=BT_DISABLE
Added Pin To Net: NetName=CAN1_RX Pin=U1-G14
Added Net: Name=CAN1_RX
Added Pin To Net: NetName=CAN1_TX Pin=U1-H15
Added Net: Name=CAN1_TX
Added Pin To Net: NetName=CAN2_RX Pin=U1-H14
Added Net: Name=CAN2_RX
Added Pin To Net: NetName=CAN2_TX Pin=U1-J15
Added Net: Name=CAN2_TX
Added Pin To Net: NetName=CLK1_N Pin=U1-P16
Added Net: Name=CLK1_N
Added Pin To Net: NetName=CLK1_P Pin=U1-P17
Added Net: Name=CLK1_P
Added Pin To Net: NetName=DCDC_3V3 Pin=R1-1
Added Pin To Net: NetName=DCDC_3V3 Pin=R2-1
Added Pin To Net: NetName=DCDC_3V3 Pin=R3-1
Added Pin To Net: NetName=DCDC_3V3 Pin=R4-1
Added Pin To Net: NetName=DCDC_3V3 Pin=R35-1
Added Net: Name=DCDC_3V3
Added Pin To Net: NetName=ENET1_nINT Pin=U1-N8
Added Net: Name=ENET1_nINT
Added Pin To Net: NetName=ENET2_nINT Pin=U1-N11
Added Net: Name=ENET2_nINT
Added Pin To Net: NetName=GND Pin=C1-2
Added Pin To Net: NetName=GND Pin=C2-1
Added Pin To Net: NetName=GND Pin=C3-1
Added Pin To Net: NetName=GND Pin=C4-1
Added Pin To Net: NetName=GND Pin=C5-1
Added Pin To Net: NetName=GND Pin=C6-1
Added Pin To Net: NetName=GND Pin=C7-1
Added Pin To Net: NetName=GND Pin=C8-1
Added Pin To Net: NetName=GND Pin=C9-2
Added Pin To Net: NetName=GND Pin=C10-1
Added Pin To Net: NetName=GND Pin=C11-1
Added Pin To Net: NetName=GND Pin=C12-2
Added Pin To Net: NetName=GND Pin=C13-1
Added Pin To Net: NetName=GND Pin=C14-2
Added Pin To Net: NetName=GND Pin=C15-1
Added Pin To Net: NetName=GND Pin=C16-1
Added Pin To Net: NetName=GND Pin=C17-1
Added Pin To Net: NetName=GND Pin=C18-1
Added Pin To Net: NetName=GND Pin=C19-1
Added Pin To Net: NetName=GND Pin=C20-1
Added Pin To Net: NetName=GND Pin=C21-1
Added Pin To Net: NetName=GND Pin=C22-1
Added Pin To Net: NetName=GND Pin=C23-1
Added Pin To Net: NetName=GND Pin=C24-1
Added Pin To Net: NetName=GND Pin=C25-1
Added Pin To Net: NetName=GND Pin=C26-1
Added Pin To Net: NetName=GND Pin=C27-1
Added Pin To Net: NetName=GND Pin=C28-1
Added Pin To Net: NetName=GND Pin=C29-1
Added Pin To Net: NetName=GND Pin=C30-1
Added Pin To Net: NetName=GND Pin=C31-1
Added Pin To Net: NetName=GND Pin=C32-1
Added Pin To Net: NetName=GND Pin=R5-1
Added Pin To Net: NetName=GND Pin=R6-1
Added Pin To Net: NetName=GND Pin=R7-1
Added Pin To Net: NetName=GND Pin=R8-1
Added Pin To Net: NetName=GND Pin=R9-1
Added Pin To Net: NetName=GND Pin=R10-1
Added Pin To Net: NetName=GND Pin=R11-1
Added Pin To Net: NetName=GND Pin=R12-1
Added Pin To Net: NetName=GND Pin=R13-1
Added Pin To Net: NetName=GND Pin=R14-1
Added Pin To Net: NetName=GND Pin=R15-1
Added Pin To Net: NetName=GND Pin=R16-1
Added Pin To Net: NetName=GND Pin=R17-1
Added Pin To Net: NetName=GND Pin=R18-1
Added Pin To Net: NetName=GND Pin=R19-1
Added Pin To Net: NetName=GND Pin=R20-1
Added Pin To Net: NetName=GND Pin=R21-1
Added Pin To Net: NetName=GND Pin=R22-1
Added Pin To Net: NetName=GND Pin=R23-1
Added Pin To Net: NetName=GND Pin=R24-1
Added Pin To Net: NetName=GND Pin=R25-1
Added Pin To Net: NetName=GND Pin=R26-1
Added Pin To Net: NetName=GND Pin=R27-1
Added Pin To Net: NetName=GND Pin=R28-1
Added Pin To Net: NetName=GND Pin=R29-2
Added Pin To Net: NetName=GND Pin=R31-2
Added Pin To Net: NetName=GND Pin=U1-N7
Added Pin To Net: NetName=GND Pin=U2-1
Added Pin To Net: NetName=GND Pin=U3-A1
Added Pin To Net: NetName=GND Pin=U3-A17
Added Pin To Net: NetName=GND Pin=U3-C3
Added Pin To Net: NetName=GND Pin=U3-C7
Added Pin To Net: NetName=GND Pin=U3-C11
Added Pin To Net: NetName=GND Pin=U3-C15
Added Pin To Net: NetName=GND Pin=U3-E8
Added Pin To Net: NetName=GND Pin=U3-E11
Added Pin To Net: NetName=GND Pin=U3-F6
Added Pin To Net: NetName=GND Pin=U3-F7
Added Pin To Net: NetName=GND Pin=U3-F8
Added Pin To Net: NetName=GND Pin=U3-F9
Added Pin To Net: NetName=GND Pin=U3-F10
Added Pin To Net: NetName=GND Pin=U3-F11
Added Pin To Net: NetName=GND Pin=U3-F12
Added Pin To Net: NetName=GND Pin=U3-G3
Added Pin To Net: NetName=GND Pin=U3-G5
Added Pin To Net: NetName=GND Pin=U3-G7
Added Pin To Net: NetName=GND Pin=U3-G12
Added Pin To Net: NetName=GND Pin=U3-G15
Added Pin To Net: NetName=GND Pin=U3-H7
Added Pin To Net: NetName=GND Pin=U3-H12
Added Pin To Net: NetName=GND Pin=U3-J5
Added Pin To Net: NetName=GND Pin=U3-J7
Added Pin To Net: NetName=GND Pin=U3-J12
Added Pin To Net: NetName=GND Pin=U3-K7
Added Pin To Net: NetName=GND Pin=U3-K12
Added Pin To Net: NetName=GND Pin=U3-L3
Added Pin To Net: NetName=GND Pin=U3-L7
Added Pin To Net: NetName=GND Pin=U3-L12
Added Pin To Net: NetName=GND Pin=U3-M7
Added Pin To Net: NetName=GND Pin=U3-M8
Added Pin To Net: NetName=GND Pin=U3-M9
Added Pin To Net: NetName=GND Pin=U3-M10
Added Pin To Net: NetName=GND Pin=U3-M11
Added Pin To Net: NetName=GND Pin=U3-M12
Added Pin To Net: NetName=GND Pin=U3-N3
Added Pin To Net: NetName=GND Pin=U3-N5
Added Pin To Net: NetName=GND Pin=U3-R3
Added Pin To Net: NetName=GND Pin=U3-R5
Added Pin To Net: NetName=GND Pin=U3-R7
Added Pin To Net: NetName=GND Pin=U3-R11
Added Pin To Net: NetName=GND Pin=U3-R16
Added Pin To Net: NetName=GND Pin=U3-R17
Added Pin To Net: NetName=GND Pin=U3-T14
Added Pin To Net: NetName=GND Pin=U3-U1
Added Pin To Net: NetName=GND Pin=U3-U14
Added Pin To Net: NetName=GND Pin=U3-U17
Added Pin To Net: NetName=GND Pin=Y2-2
Added Pin To Net: NetName=GND Pin=Y2-4
Added Net: Name=GND
Added Pin To Net: NetName=GPIO_DVFS Pin=U1-P10
Added Net: Name=GPIO_DVFS
Added Pin To Net: NetName=HDMI_INT Pin=U1-K15
Added Net: Name=HDMI_INT
Added Pin To Net: NetName=I2C1_SCL Pin=U1-G17
Added Net: Name=I2C1_SCL
Added Pin To Net: NetName=I2C1_SDA Pin=U1-G16
Added Net: Name=I2C1_SDA
Added Pin To Net: NetName=I2C2_SCL Pin=U1-F17
Added Net: Name=I2C2_SCL
Added Pin To Net: NetName=I2C2_SDA Pin=U1-G13
Added Net: Name=I2C2_SDA
Added Pin To Net: NetName=JTAG_MOD Pin=R31-1
Added Pin To Net: NetName=JTAG_MOD Pin=U1-P15
Added Net: Name=JTAG_MOD
Added Pin To Net: NetName=JTAG_nTRST Pin=U1-N14
Added Net: Name=JTAG_nTRST
Added Pin To Net: NetName=JTAG_TCK Pin=R29-1
Added Pin To Net: NetName=JTAG_TCK Pin=U1-M14
Added Net: Name=JTAG_TCK
Added Pin To Net: NetName=JTAG_TDI Pin=U1-N16
Added Net: Name=JTAG_TDI
Added Pin To Net: NetName=JTAG_TDO Pin=U1-N15
Added Net: Name=JTAG_TDO
Added Pin To Net: NetName=JTAG_TMS Pin=U1-P14
Added Net: Name=JTAG_TMS
Added Pin To Net: NetName=LCD_DATA0 Pin=R4-2
Added Pin To Net: NetName=LCD_DATA0 Pin=R5-2
Added Net: Name=LCD_DATA0
Added Pin To Net: NetName=LCD_DATA1 Pin=R3-2
Added Pin To Net: NetName=LCD_DATA1 Pin=R6-2
Added Net: Name=LCD_DATA1
Added Pin To Net: NetName=LCD_DATA2 Pin=R7-2
Added Net: Name=LCD_DATA2
Added Pin To Net: NetName=LCD_DATA3 Pin=R8-2
Added Net: Name=LCD_DATA3
Added Pin To Net: NetName=LCD_DATA4 Pin=R9-2
Added Net: Name=LCD_DATA4
Added Pin To Net: NetName=LCD_DATA5 Pin=R10-2
Added Net: Name=LCD_DATA5
Added Pin To Net: NetName=LCD_DATA6 Pin=R11-2
Added Net: Name=LCD_DATA6
Added Pin To Net: NetName=LCD_DATA7 Pin=R12-2
Added Net: Name=LCD_DATA7
Added Pin To Net: NetName=LCD_DATA8 Pin=R13-2
Added Net: Name=LCD_DATA8
Added Pin To Net: NetName=LCD_DATA9 Pin=R14-2
Added Net: Name=LCD_DATA9
Added Pin To Net: NetName=LCD_DATA10 Pin=R15-2
Added Net: Name=LCD_DATA10
Added Pin To Net: NetName=LCD_DATA11 Pin=R16-2
Added Net: Name=LCD_DATA11
Added Pin To Net: NetName=LCD_DATA12 Pin=R17-2
Added Net: Name=LCD_DATA12
Added Pin To Net: NetName=LCD_DATA13 Pin=R2-2
Added Pin To Net: NetName=LCD_DATA13 Pin=R18-2
Added Net: Name=LCD_DATA13
Added Pin To Net: NetName=LCD_DATA14 Pin=R1-2
Added Pin To Net: NetName=LCD_DATA14 Pin=R19-2
Added Net: Name=LCD_DATA14
Added Pin To Net: NetName=LCD_DATA15 Pin=R20-2
Added Net: Name=LCD_DATA15
Added Pin To Net: NetName=LCD_DATA16 Pin=R21-2
Added Net: Name=LCD_DATA16
Added Pin To Net: NetName=LCD_DATA17 Pin=R22-2
Added Net: Name=LCD_DATA17
Added Pin To Net: NetName=LCD_DATA18 Pin=R23-2
Added Net: Name=LCD_DATA18
Added Pin To Net: NetName=LCD_DATA19 Pin=R24-2
Added Net: Name=LCD_DATA19
Added Pin To Net: NetName=LCD_DATA20 Pin=R25-2
Added Net: Name=LCD_DATA20
Added Pin To Net: NetName=LCD_DATA21 Pin=R26-2
Added Net: Name=LCD_DATA21
Added Pin To Net: NetName=LCD_DATA22 Pin=R27-2
Added Net: Name=LCD_DATA22
Added Pin To Net: NetName=LCD_DATA23 Pin=R28-2
Added Net: Name=LCD_DATA23
Added Pin To Net: NetName=LCD_DISP Pin=U1-R6
Added Net: Name=LCD_DISP
Added Pin To Net: NetName=NetC2_2 Pin=C2-2
Added Pin To Net: NetName=NetC2_2 Pin=U1-T11
Added Pin To Net: NetName=NetC2_2 Pin=Y1-2
Added Net: Name=NetC2_2
Added Pin To Net: NetName=NetC3_2 Pin=C3-2
Added Pin To Net: NetName=NetC3_2 Pin=U1-U11
Added Pin To Net: NetName=NetC3_2 Pin=Y1-1
Added Net: Name=NetC3_2
Added Pin To Net: NetName=NetC12_1 Pin=C12-1
Added Pin To Net: NetName=NetC12_1 Pin=R35-2
Added Pin To Net: NetName=NetC12_1 Pin=U2-3
Added Net: Name=NetC12_1
Added Pin To Net: NetName=NetC29_2 Pin=C29-2
Added Pin To Net: NetName=NetC29_2 Pin=C30-2
Added Pin To Net: NetName=NetC29_2 Pin=U3-P13
Added Net: Name=NetC29_2
Added Pin To Net: NetName=NetC32_2 Pin=C32-2
Added Pin To Net: NetName=NetC32_2 Pin=U3-N12
Added Net: Name=NetC32_2
Added Pin To Net: NetName=NetR32_2 Pin=R32-2
Added Pin To Net: NetName=NetR32_2 Pin=U1-C1
Added Net: Name=NetR32_2
Added Pin To Net: NetName=NetR37_1 Pin=R37-1
Added Pin To Net: NetName=NetR37_1 Pin=U2-2
Added Net: Name=NetR37_1
Added Pin To Net: NetName=nUSB_OTG_CHD Pin=U1-U16
Added Net: Name=nUSB_OTG_CHD
Added Pin To Net: NetName=NVCC_SD Pin=C8-2
Added Pin To Net: NetName=NVCC_SD Pin=R33-1
Added Pin To Net: NetName=NVCC_SD Pin=R34-1
Added Pin To Net: NetName=NVCC_SD Pin=U1-C4
Added Net: Name=NVCC_SD
Added Pin To Net: NetName=NVCC_UART Pin=C1-1
Added Pin To Net: NetName=NVCC_UART Pin=U1-H13
Added Net: Name=NVCC_UART
Added Pin To Net: NetName=ONOFF Pin=U1-R8
Added Net: Name=ONOFF
Added Pin To Net: NetName=PERI_PWREN Pin=U1-P11
Added Net: Name=PERI_PWREN
Added Pin To Net: NetName=PMIC_ON_REQ Pin=U1-T9
Added Net: Name=PMIC_ON_REQ
Added Pin To Net: NetName=PMIC_STBY_REQ Pin=U1-U9
Added Net: Name=PMIC_STBY_REQ
Added Pin To Net: NetName=POR_B Pin=C13-2
Added Pin To Net: NetName=POR_B Pin=R30-2
Added Pin To Net: NetName=POR_B Pin=R37-2
Added Pin To Net: NetName=POR_B Pin=U1-P8
Added Net: Name=POR_B
Added Pin To Net: NetName=SD1_CD Pin=U1-J14
Added Net: Name=SD1_CD
Added Pin To Net: NetName=SD1_CLK Pin=C9-1
Added Pin To Net: NetName=SD1_CLK Pin=R32-1
Added Net: Name=SD1_CLK
Added Pin To Net: NetName=SD1_CMD Pin=R33-2
Added Pin To Net: NetName=SD1_CMD Pin=U1-C2
Added Net: Name=SD1_CMD
Added Pin To Net: NetName=SD1_DATA0 Pin=R34-2
Added Pin To Net: NetName=SD1_DATA0 Pin=U1-B3
Added Net: Name=SD1_DATA0
Added Pin To Net: NetName=SD1_DATA1 Pin=U1-B2
Added Net: Name=SD1_DATA1
Added Pin To Net: NetName=SD1_DATA2 Pin=U1-B1
Added Net: Name=SD1_DATA2
Added Pin To Net: NetName=SD1_DATA3 Pin=U1-A2
Added Net: Name=SD1_DATA3
Added Pin To Net: NetName=SHIFT_nOE Pin=U1-N9
Added Net: Name=SHIFT_nOE
Added Pin To Net: NetName=SHIFT_STCP Pin=U1-N10
Added Net: Name=SHIFT_STCP
Added Pin To Net: NetName=UART1_RXD Pin=U1-K16
Added Net: Name=UART1_RXD
Added Pin To Net: NetName=UART1_TXD Pin=U1-K14
Added Net: Name=UART1_TXD
Added Pin To Net: NetName=UART2_CTS_BB Pin=U1-H17
Added Net: Name=UART2_CTS_BB
Added Pin To Net: NetName=UART2_RTS_BB Pin=U1-H16
Added Net: Name=UART2_RTS_BB
Added Pin To Net: NetName=UART2_RXD Pin=U1-J16
Added Net: Name=UART2_RXD
Added Pin To Net: NetName=UART2_TXD Pin=U1-J17
Added Net: Name=UART2_TXD
Added Pin To Net: NetName=USB_OTG1_DN Pin=U1-T15
Added Net: Name=USB_OTG1_DN
Added Pin To Net: NetName=USB_OTG1_DP Pin=U1-U15
Added Net: Name=USB_OTG1_DP
Added Pin To Net: NetName=USB_OTG1_VBUS Pin=C4-2
Added Pin To Net: NetName=USB_OTG1_VBUS Pin=U1-T12
Added Net: Name=USB_OTG1_VBUS
Added Pin To Net: NetName=USB_OTG2_DN Pin=U1-T13
Added Net: Name=USB_OTG2_DN
Added Pin To Net: NetName=USB_OTG2_DP Pin=U1-U13
Added Net: Name=USB_OTG2_DP
Added Pin To Net: NetName=USB_OTG2_VBUS Pin=C7-2
Added Pin To Net: NetName=USB_OTG2_VBUS Pin=U1-U12
Added Net: Name=USB_OTG2_VBUS
Added Pin To Net: NetName=VDD_ARM_CAP Pin=C15-2
Added Pin To Net: NetName=VDD_ARM_CAP Pin=C16-2
Added Pin To Net: NetName=VDD_ARM_CAP Pin=C17-2
Added Pin To Net: NetName=VDD_ARM_CAP Pin=U3-G9
Added Pin To Net: NetName=VDD_ARM_CAP Pin=U3-G10
Added Pin To Net: NetName=VDD_ARM_CAP Pin=U3-G11
Added Pin To Net: NetName=VDD_ARM_CAP Pin=U3-H11
Added Net: Name=VDD_ARM_CAP
Added Pin To Net: NetName=VDD_ARM_SOC_IN Pin=C18-2
Added Pin To Net: NetName=VDD_ARM_SOC_IN Pin=C19-2
Added Pin To Net: NetName=VDD_ARM_SOC_IN Pin=C20-2
Added Pin To Net: NetName=VDD_ARM_SOC_IN Pin=U3-H9
Added Pin To Net: NetName=VDD_ARM_SOC_IN Pin=U3-H10
Added Pin To Net: NetName=VDD_ARM_SOC_IN Pin=U3-J9
Added Pin To Net: NetName=VDD_ARM_SOC_IN Pin=U3-J10
Added Pin To Net: NetName=VDD_ARM_SOC_IN Pin=U3-K9
Added Pin To Net: NetName=VDD_ARM_SOC_IN Pin=U3-K10
Added Net: Name=VDD_ARM_SOC_IN
Added Pin To Net: NetName=VDD_COIN_3V Pin=D2-1
Added Pin To Net: NetName=VDD_COIN_3V Pin=R38-1
Added Net: Name=VDD_COIN_3V
Added Pin To Net: NetName=VDD_HIGH_CAP Pin=C27-2
Added Pin To Net: NetName=VDD_HIGH_CAP Pin=C28-2
Added Pin To Net: NetName=VDD_HIGH_CAP Pin=U3-R14
Added Pin To Net: NetName=VDD_HIGH_CAP Pin=U3-R15
Added Net: Name=VDD_HIGH_CAP
Added Pin To Net: NetName=VDD_HIGH_IN Pin=C25-2
Added Pin To Net: NetName=VDD_HIGH_IN Pin=C26-2
Added Pin To Net: NetName=VDD_HIGH_IN Pin=U3-N13
Added Net: Name=VDD_HIGH_IN
Added Pin To Net: NetName=VDD_SNVS_3V3 Pin=D1-1
Added Net: Name=VDD_SNVS_3V3
Added Pin To Net: NetName=VDD_SNVS_IN Pin=C31-2
Added Pin To Net: NetName=VDD_SNVS_IN Pin=D1-2
Added Pin To Net: NetName=VDD_SNVS_IN Pin=D2-2
Added Pin To Net: NetName=VDD_SNVS_IN Pin=R30-1
Added Pin To Net: NetName=VDD_SNVS_IN Pin=R38-2
Added Pin To Net: NetName=VDD_SNVS_IN Pin=U3-P12
Added Net: Name=VDD_SNVS_IN
Added Pin To Net: NetName=VDD_SOC_CAP Pin=C21-2
Added Pin To Net: NetName=VDD_SOC_CAP Pin=C22-2
Added Pin To Net: NetName=VDD_SOC_CAP Pin=C23-2
Added Pin To Net: NetName=VDD_SOC_CAP Pin=C24-2
Added Pin To Net: NetName=VDD_SOC_CAP Pin=U3-G8
Added Pin To Net: NetName=VDD_SOC_CAP Pin=U3-H8
Added Pin To Net: NetName=VDD_SOC_CAP Pin=U3-J8
Added Pin To Net: NetName=VDD_SOC_CAP Pin=U3-J11
Added Pin To Net: NetName=VDD_SOC_CAP Pin=U3-K8
Added Pin To Net: NetName=VDD_SOC_CAP Pin=U3-K11
Added Pin To Net: NetName=VDD_SOC_CAP Pin=U3-L8
Added Pin To Net: NetName=VDD_SOC_CAP Pin=U3-L9
Added Pin To Net: NetName=VDD_SOC_CAP Pin=U3-L10
Added Pin To Net: NetName=VDD_SOC_CAP Pin=U3-L11
Added Net: Name=VDD_SOC_CAP
Added Pin To Net: NetName=VDDA_ADC_3P3 Pin=C10-2
Added Pin To Net: NetName=VDDA_ADC_3P3 Pin=U1-L13
Added Pin To Net: NetName=VDDA_ADC_3P3 Pin=U1-M13
Added Net: Name=VDDA_ADC_3P3
Added Pin To Net: NetName=VDDUSB Pin=C5-2
Added Pin To Net: NetName=VDDUSB Pin=C6-2
Added Pin To Net: NetName=VDDUSB Pin=U1-R12
Added Net: Name=VDDUSB
Added Pin To Net: NetName=XTALI Pin=C11-2
Added Pin To Net: NetName=XTALI Pin=R36-2
Added Pin To Net: NetName=XTALI Pin=U1-T16
Added Pin To Net: NetName=XTALI Pin=Y2-3
Added Net: Name=XTALI
Added Pin To Net: NetName=XTALO Pin=C14-1
Added Pin To Net: NetName=XTALO Pin=R36-1
Added Pin To Net: NetName=XTALO Pin=U1-T17
Added Pin To Net: NetName=XTALO Pin=Y2-1
Added Net: Name=XTALO
Added Class: Name=Sheet3
Added Class: Name=Sheet4
Added Member To Class: ClassName=Sheet2 Member=Component C1 224
Added Member To Class: ClassName=Sheet2 Member=Component C2 18pF
Added Member To Class: ClassName=Sheet2 Member=Component C3 18pF
Added Member To Class: ClassName=Sheet2 Member=Component C4 104
Added Member To Class: ClassName=Sheet2 Member=Component C5 104
Added Member To Class: ClassName=Sheet2 Member=Component C6 104
Added Member To Class: ClassName=Sheet2 Member=Component C7 104
Added Member To Class: ClassName=Sheet2 Member=Component C8 104
Added Member To Class: ClassName=Sheet2 Member=Component C9 18pF
Added Member To Class: ClassName=Sheet2 Member=Component C10 104
Added Member To Class: ClassName=Sheet2 Member=Component C11 18pF
Added Member To Class: ClassName=Sheet2 Member=Component C12 104
Added Member To Class: ClassName=Sheet2 Member=Component C13 104
Added Member To Class: ClassName=Sheet2 Member=Component C14 18pF
Added Member To Class: ClassName=Sheet1 Member=Component R1 47K
Added Member To Class: ClassName=Sheet1 Member=Component R2 47K
Added Member To Class: ClassName=Sheet1 Member=Component R3 47K
Added Member To Class: ClassName=Sheet1 Member=Component R4 47K
Added Member To Class: ClassName=Sheet1 Member=Component R5 47K
Added Member To Class: ClassName=Sheet1 Member=Component R6 47K
Added Member To Class: ClassName=Sheet1 Member=Component R7 47K
Added Member To Class: ClassName=Sheet1 Member=Component R8 47K
Added Member To Class: ClassName=Sheet1 Member=Component R9 47K
Added Member To Class: ClassName=Sheet1 Member=Component R10 47K
Added Member To Class: ClassName=Sheet1 Member=Component R11 47K
Added Member To Class: ClassName=Sheet1 Member=Component R12 47K
Added Member To Class: ClassName=Sheet1 Member=Component R13 47K
Added Member To Class: ClassName=Sheet1 Member=Component R14 47K
Added Member To Class: ClassName=Sheet1 Member=Component R15 47K
Added Member To Class: ClassName=Sheet1 Member=Component R16 47K
Added Member To Class: ClassName=Sheet1 Member=Component R17 47K
Added Member To Class: ClassName=Sheet1 Member=Component R18 47K
Added Member To Class: ClassName=Sheet1 Member=Component R19 47K
Added Member To Class: ClassName=Sheet1 Member=Component R20 47K
Added Member To Class: ClassName=Sheet1 Member=Component R21 47K
Added Member To Class: ClassName=Sheet1 Member=Component R22 47K
Added Member To Class: ClassName=Sheet1 Member=Component R23 47K
Added Member To Class: ClassName=Sheet1 Member=Component R24 47K
Added Member To Class: ClassName=Sheet1 Member=Component R25 47K
Added Member To Class: ClassName=Sheet1 Member=Component R26 47K
Added Member To Class: ClassName=Sheet1 Member=Component R27 47K
Added Member To Class: ClassName=Sheet1 Member=Component R28 47K
Added Member To Class: ClassName=Sheet2 Member=Component R29 10K
Added Member To Class: ClassName=Sheet2 Member=Component R30 100K
Added Member To Class: ClassName=Sheet2 Member=Component R31 10K
Added Member To Class: ClassName=Sheet2 Member=Component R32 10R
Added Member To Class: ClassName=Sheet2 Member=Component R33 10K
Added Member To Class: ClassName=Sheet2 Member=Component R34 10K
Added Member To Class: ClassName=Sheet2 Member=Component R35 1.5K
Added Member To Class: ClassName=Sheet2 Member=Component R36 1M
Added Member To Class: ClassName=Sheet2 Member=Component R37 1.5K
Added Member To Class: ClassName=Sheet2 Member=Component U1 MCIMX6Y2CVM05AB
Added Member To Class: ClassName=Sheet2 Member=Component U2 NCP803SN293T1G
Added Member To Class: ClassName=Sheet2 Member=Component Y1 32.768KHz
Added Member To Class: ClassName=Sheet2 Member=Component Y2 24MHz
Added Room: Name=Sheet1
Added Room: Name=Sheet2
Added Room: Name=Sheet3
Added Room: Name=Sheet4
