Remove Pin=U1C-A2 From Net=SD1_DATA3
Remove Pin=U1C-B1 From Net=SD1_DATA2
Remove Pin=U1C-B2 From Net=SD1_DATA1
Remove Pin=U1C-J16 From Net=UART2_RXD
Remove Pin=U1C-J17 From Net=UART2_TXD
Remove Pin=U1C-K14 From Net=UART1_TXD
Remove Pin=U1C-K16 From Net=UART1_RXD
Remove Pin=U1C-P16 From Net=CLK1_N
Remove Pin=U1C-P17 From Net=CLK1_P
Remove Pin=U1C-R8 From Net=ONOFF
Remove Pin=U1C-T9 From Net=PMIC_ON_REQ
Remove Pin=U1C-T10 From Net=BOOT_MODE0
Remove Pin=U1C-T13 From Net=USB_OTG2_DN
Remove Pin=U1C-T15 From Net=USB_OTG1_DN
Remove Pin=U1C-T16 From Net=XTALI
Remove Pin=U1C-T17 From Net=XTALO
Remove Pin=U1C-U9 From Net=PMIC_STBY_REQ
Remove Pin=U1C-U10 From Net=BOOT_MODE1
Remove Pin=U1C-U13 From Net=USB_OTG2_DP
Remove Pin=U1C-U15 From Net=USB_OTG1_DP
Remove Pin=U1C-U16 From Net=nUSB_OTG_CHD
